{"/home/travis/build/npmtest/node-npmtest-nopt/test.js":{"path":"/home/travis/build/npmtest/node-npmtest-nopt/test.js","s":{"1":2,"2":2,"3":2,"4":2,"5":2,"6":2,"7":2,"8":1,"9":2,"10":2,"11":1,"12":1,"13":1,"14":1,"15":2,"16":2,"17":2,"18":2,"19":1,"20":1,"21":2,"22":2,"23":2,"24":1,"25":1,"26":1,"27":1,"28":1,"29":1,"30":1,"31":1,"32":1,"33":1,"34":1,"35":1,"36":1,"37":1,"38":1,"39":2,"40":2,"41":1,"42":2,"43":2,"44":1,"45":2,"46":2,"47":1,"48":2,"49":2,"50":1,"51":1,"52":1,"53":1,"54":1},"b":{"1":[2,1,1,1],"2":[1,1,1,1],"3":[1,1],"4":[1,1],"5":[1,1],"6":[1,1],"7":[1,1],"8":[1,1],"9":[1,1],"10":[1,1,1],"11":[1,1],"12":[1,1],"13":[1,1],"14":[1,1],"15":[1,1],"16":[1,1],"17":[1,1]},"f":{"1":2,"2":2,"3":2,"4":2,"5":2,"6":1,"7":1,"8":1,"9":2,"10":2,"11":2,"12":2,"13":1},"fnMap":{"1":{"name":"(anonymous_1)","line":12,"loc":{"start":{"line":12,"column":1},"end":{"line":12,"column":13}}},"2":{"name":"(anonymous_2)","line":19,"loc":{"start":{"line":19,"column":5},"end":{"line":19,"column":17}}},"3":{"name":"(anonymous_3)","line":23,"loc":{"start":{"line":23,"column":24},"end":{"line":23,"column":36}}},"4":{"name":"(anonymous_4)","line":61,"loc":{"start":{"line":61,"column":5},"end":{"line":61,"column":17}}},"5":{"name":"(anonymous_5)","line":82,"loc":{"start":{"line":82,"column":5},"end":{"line":82,"column":17}}},"6":{"name":"(anonymous_6)","line":91,"loc":{"start":{"line":91,"column":77},"end":{"line":94,"column":10}}},"7":{"name":"(anonymous_7)","line":112,"loc":{"start":{"line":112,"column":83},"end":{"line":115,"column":10}},"skip":true},"8":{"name":"(anonymous_8)","line":123,"loc":{"start":{"line":123,"column":77},"end":{"line":126,"column":10}},"skip":true},"9":{"name":"(anonymous_9)","line":139,"loc":{"start":{"line":139,"column":12},"end":{"line":139,"column":40}},"skip":true},"10":{"name":"(anonymous_10)","line":147,"loc":{"start":{"line":147,"column":77},"end":{"line":150,"column":10}},"skip":true},"11":{"name":"(anonymous_11)","line":158,"loc":{"start":{"line":158,"column":83},"end":{"line":161,"column":10}},"skip":true},"12":{"name":"(anonymous_12)","line":169,"loc":{"start":{"line":169,"column":79},"end":{"line":172,"column":10}},"skip":true},"13":{"name":"(anonymous_13)","line":180,"loc":{"start":{"line":180,"column":75},"end":{"line":183,"column":10}},"skip":true}},"statementMap":{"1":{"start":{"line":12,"column":0},"end":{"line":195,"column":5}},"2":{"start":{"line":14,"column":4},"end":{"line":14,"column":14}},"3":{"start":{"line":19,"column":4},"end":{"line":56,"column":9}},"4":{"start":{"line":21,"column":8},"end":{"line":21,"column":19}},"5":{"start":{"line":23,"column":8},"end":{"line":35,"column":13}},"6":{"start":{"line":24,"column":12},"end":{"line":34,"column":13}},"7":{"start":{"line":25,"column":16},"end":{"line":28,"column":30}},"8":{"start":{"line":30,"column":16},"end":{"line":33,"column":27}},"9":{"start":{"line":37,"column":8},"end":{"line":39,"column":21}},"10":{"start":{"line":40,"column":8},"end":{"line":53,"column":9}},"11":{"start":{"line":43,"column":12},"end":{"line":46,"column":14}},"12":{"start":{"line":47,"column":12},"end":{"line":47,"column":18}},"13":{"start":{"line":50,"column":12},"end":{"line":51,"column":33}},"14":{"start":{"line":52,"column":12},"end":{"line":52,"column":18}},"15":{"start":{"line":55,"column":8},"end":{"line":55,"column":35}},"16":{"start":{"line":61,"column":4},"end":{"line":63,"column":9}},"17":{"start":{"line":62,"column":8},"end":{"line":62,"column":15}},"18":{"start":{"line":64,"column":4},"end":{"line":77,"column":5}},"19":{"start":{"line":70,"column":8},"end":{"line":70,"column":14}},"20":{"start":{"line":76,"column":8},"end":{"line":76,"column":14}},"21":{"start":{"line":82,"column":4},"end":{"line":84,"column":9}},"22":{"start":{"line":83,"column":8},"end":{"line":83,"column":15}},"23":{"start":{"line":85,"column":4},"end":{"line":194,"column":5}},"24":{"start":{"line":91,"column":8},"end":{"line":99,"column":10}},"25":{"start":{"line":98,"column":12},"end":{"line":98,"column":35}},"26":{"start":{"line":102,"column":8},"end":{"line":104,"column":63}},"27":{"start":{"line":105,"column":8},"end":{"line":105,"column":14}},"28":{"start":{"line":112,"column":8},"end":{"line":121,"column":10},"skip":true},"29":{"start":{"line":119,"column":12},"end":{"line":119,"column":55},"skip":true},"30":{"start":{"line":120,"column":12},"end":{"line":120,"column":48},"skip":true},"31":{"start":{"line":123,"column":8},"end":{"line":136,"column":10},"skip":true},"32":{"start":{"line":130,"column":12},"end":{"line":130,"column":76},"skip":true},"33":{"start":{"line":131,"column":12},"end":{"line":131,"column":73},"skip":true},"34":{"start":{"line":132,"column":12},"end":{"line":132,"column":74},"skip":true},"35":{"start":{"line":133,"column":12},"end":{"line":133,"column":79},"skip":true},"36":{"start":{"line":134,"column":12},"end":{"line":134,"column":25},"skip":true},"37":{"start":{"line":135,"column":12},"end":{"line":135,"column":45},"skip":true},"38":{"start":{"line":138,"column":8},"end":{"line":145,"column":14},"skip":true},"39":{"start":{"line":143,"column":16},"end":{"line":143,"column":29},"skip":true},"40":{"start":{"line":144,"column":16},"end":{"line":144,"column":55},"skip":true},"41":{"start":{"line":147,"column":8},"end":{"line":156,"column":10},"skip":true},"42":{"start":{"line":154,"column":12},"end":{"line":154,"column":25},"skip":true},"43":{"start":{"line":155,"column":12},"end":{"line":155,"column":45},"skip":true},"44":{"start":{"line":158,"column":8},"end":{"line":167,"column":10},"skip":true},"45":{"start":{"line":165,"column":12},"end":{"line":165,"column":25},"skip":true},"46":{"start":{"line":166,"column":12},"end":{"line":166,"column":48},"skip":true},"47":{"start":{"line":169,"column":8},"end":{"line":178,"column":10},"skip":true},"48":{"start":{"line":176,"column":12},"end":{"line":176,"column":25},"skip":true},"49":{"start":{"line":177,"column":12},"end":{"line":177,"column":46},"skip":true},"50":{"start":{"line":180,"column":8},"end":{"line":189,"column":10},"skip":true},"51":{"start":{"line":187,"column":12},"end":{"line":187,"column":94},"skip":true},"52":{"start":{"line":188,"column":12},"end":{"line":188,"column":48},"skip":true},"53":{"start":{"line":192,"column":8},"end":{"line":192,"column":35},"skip":true},"54":{"start":{"line":193,"column":8},"end":{"line":193,"column":14},"skip":true}},"branchMap":{"1":{"line":25,"type":"binary-expr","locations":[{"start":{"line":25,"column":23},"end":{"line":25,"column":62}},{"start":{"line":26,"column":20},"end":{"line":26,"column":70}},{"start":{"line":27,"column":20},"end":{"line":27,"column":71}},{"start":{"line":28,"column":20},"end":{"line":28,"column":29}}]},"2":{"line":30,"type":"binary-expr","locations":[{"start":{"line":30,"column":23},"end":{"line":30,"column":37}},{"start":{"line":31,"column":20},"end":{"line":31,"column":61}},{"start":{"line":32,"column":20},"end":{"line":32,"column":70}},{"start":{"line":33,"column":20},"end":{"line":33,"column":26}}]},"3":{"line":37,"type":"cond-expr","locations":[{"start":{"line":38,"column":14},"end":{"line":38,"column":20}},{"start":{"line":39,"column":14},"end":{"line":39,"column":20}}]},"4":{"line":40,"type":"switch","locations":[{"start":{"line":42,"column":8},"end":{"line":47,"column":18}},{"start":{"line":49,"column":8},"end":{"line":52,"column":18}}]},"5":{"line":44,"type":"binary-expr","locations":[{"start":{"line":44,"column":16},"end":{"line":44,"column":44}},{"start":{"line":44,"column":48},"end":{"line":44,"column":66}}]},"6":{"line":50,"type":"binary-expr","locations":[{"start":{"line":50,"column":21},"end":{"line":50,"column":49}},{"start":{"line":50,"column":53},"end":{"line":50,"column":72}}]},"7":{"line":64,"type":"switch","locations":[{"start":{"line":69,"column":4},"end":{"line":70,"column":14}},{"start":{"line":75,"column":4},"end":{"line":76,"column":14}}]},"8":{"line":85,"type":"switch","locations":[{"start":{"line":90,"column":4},"end":{"line":105,"column":14}},{"start":{"line":111,"column":4},"end":{"line":193,"column":14},"skip":true}]},"9":{"line":91,"type":"binary-expr","locations":[{"start":{"line":91,"column":42},"end":{"line":91,"column":73}},{"start":{"line":91,"column":77},"end":{"line":99,"column":9}}]},"10":{"line":102,"type":"binary-expr","locations":[{"start":{"line":102,"column":18},"end":{"line":102,"column":32}},{"start":{"line":103,"column":12},"end":{"line":103,"column":53}},{"start":{"line":104,"column":12},"end":{"line":104,"column":61}}]},"11":{"line":112,"type":"binary-expr","locations":[{"start":{"line":112,"column":45},"end":{"line":112,"column":79},"skip":true},{"start":{"line":112,"column":83},"end":{"line":121,"column":9},"skip":true}]},"12":{"line":123,"type":"binary-expr","locations":[{"start":{"line":123,"column":42},"end":{"line":123,"column":73},"skip":true},{"start":{"line":123,"column":77},"end":{"line":136,"column":9},"skip":true}]},"13":{"line":138,"type":"binary-expr","locations":[{"start":{"line":138,"column":48},"end":{"line":138,"column":85},"skip":true},{"start":{"line":139,"column":12},"end":{"line":145,"column":13},"skip":true}]},"14":{"line":147,"type":"binary-expr","locations":[{"start":{"line":147,"column":42},"end":{"line":147,"column":73},"skip":true},{"start":{"line":147,"column":77},"end":{"line":156,"column":9},"skip":true}]},"15":{"line":158,"type":"binary-expr","locations":[{"start":{"line":158,"column":45},"end":{"line":158,"column":79},"skip":true},{"start":{"line":158,"column":83},"end":{"line":167,"column":9},"skip":true}]},"16":{"line":169,"type":"binary-expr","locations":[{"start":{"line":169,"column":43},"end":{"line":169,"column":75},"skip":true},{"start":{"line":169,"column":79},"end":{"line":178,"column":9},"skip":true}]},"17":{"line":180,"type":"binary-expr","locations":[{"start":{"line":180,"column":41},"end":{"line":180,"column":71},"skip":true},{"start":{"line":180,"column":75},"end":{"line":189,"column":9},"skip":true}]}},"code":["/* istanbul instrument in package npmtest_nopt */","/*jslint","    bitwise: true,","    browser: true,","    maxerr: 8,","    maxlen: 96,","    node: true,","    nomen: true,","    regexp: true,","    stupid: true","*/","(function () {","    'use strict';","    var local;","","","","    // run shared js-env code - init-before","    (function () {","        // init local","        local = {};","        // init modeJs","        local.modeJs = (function () {","            try {","                return typeof navigator.userAgent === 'string' &&","                    typeof document.querySelector('body') === 'object' &&","                    typeof XMLHttpRequest.prototype.open === 'function' &&","                    'browser';","            } catch (errorCaughtBrowser) {","                return module.exports &&","                    typeof process.versions.node === 'string' &&","                    typeof require('http').createServer === 'function' &&","                    'node';","            }","        }());","        // init global","        local.global = local.modeJs === 'browser'","            ? window","            : global;","        switch (local.modeJs) {","        // re-init local from window.local","        case 'browser':","            local = local.global.utility2.objectSetDefault(","                local.global.utility2_rollup || local.global.local,","                local.global.utility2","            );","            break;","        // re-init local from example.js","        case 'node':","            local = (local.global.utility2_rollup || require('utility2'))","                .requireReadme();","            break;","        }","        // export local","        local.global.local = local;","    }());","","","","    // run shared js-env code - function","    (function () {","        return;","    }());","    switch (local.modeJs) {","","","","    // run browser js-env code - function","    case 'browser':","        break;","","","","    // run node js-env code - function","    case 'node':","        break;","    }","","","","    // run shared js-env code - init-after","    (function () {","        return;","    }());","    switch (local.modeJs) {","","","","    // run browser js-env code - init-after","    case 'browser':","        local.testCase_browser_nullCase = local.testCase_browser_nullCase || function (","            options,","            onError","        ) {","        /*","         * this function will test browsers's null-case handling-behavior-behavior","         */","            onError(null, options);","        };","","        // run tests","        local.nop(local.modeTest &&","            document.querySelector('#testRunButton1') &&","            document.querySelector('#testRunButton1').click());","        break;","","","","    // run node js-env code - init-after","    /* istanbul ignore next */","    case 'node':","        local.testCase_buildApidoc_default = local.testCase_buildApidoc_default || function (","            options,","            onError","        ) {","        /*","         * this function will test buildApidoc's default handling-behavior-behavior","         */","            options = { modulePathList: module.paths };","            local.buildApidoc(options, onError);","        };","","        local.testCase_buildApp_default = local.testCase_buildApp_default || function (","            options,","            onError","        ) {","        /*","         * this function will test buildApp's default handling-behavior-behavior","         */","            local.testCase_buildReadme_default(options, local.onErrorThrow);","            local.testCase_buildLib_default(options, local.onErrorThrow);","            local.testCase_buildTest_default(options, local.onErrorThrow);","            local.testCase_buildCustomOrg_default(options, local.onErrorThrow);","            options = [];","            local.buildApp(options, onError);","        };","","        local.testCase_buildCustomOrg_default = local.testCase_buildCustomOrg_default ||","            function (options, onError) {","            /*","             * this function will test buildCustomOrg's default handling-behavior","             */","                options = {};","                local.buildCustomOrg(options, onError);","            };","","        local.testCase_buildLib_default = local.testCase_buildLib_default || function (","            options,","            onError","        ) {","        /*","         * this function will test buildLib's default handling-behavior","         */","            options = {};","            local.buildLib(options, onError);","        };","","        local.testCase_buildReadme_default = local.testCase_buildReadme_default || function (","            options,","            onError","        ) {","        /*","         * this function will test buildReadme's default handling-behavior-behavior","         */","            options = {};","            local.buildReadme(options, onError);","        };","","        local.testCase_buildTest_default = local.testCase_buildTest_default || function (","            options,","            onError","        ) {","        /*","         * this function will test buildTest's default handling-behavior","         */","            options = {};","            local.buildTest(options, onError);","        };","","        local.testCase_webpage_default = local.testCase_webpage_default || function (","            options,","            onError","        ) {","        /*","         * this function will test webpage's default handling-behavior","         */","            options = { modeCoverageMerge: true, url: local.serverLocalHost + '?modeTest=1' };","            local.browserTest(options, onError);","        };","","        // run test-server","        local.testRunServer(local);","        break;","    }","}());",""],"l":{"12":2,"14":2,"19":2,"21":2,"23":2,"24":2,"25":2,"30":1,"37":2,"40":2,"43":1,"47":1,"50":1,"52":1,"55":2,"61":2,"62":2,"64":2,"70":1,"76":1,"82":2,"83":2,"85":2,"91":1,"98":1,"102":1,"105":1,"112":1,"119":1,"120":1,"123":1,"130":1,"131":1,"132":1,"133":1,"134":1,"135":1,"138":1,"143":2,"144":2,"147":1,"154":2,"155":2,"158":1,"165":2,"166":2,"169":1,"176":2,"177":2,"180":1,"187":1,"188":1,"192":1,"193":1}},"/home/travis/build/npmtest/node-npmtest-nopt/lib.npmtest_nopt.js":{"path":"/home/travis/build/npmtest/node-npmtest-nopt/lib.npmtest_nopt.js","s":{"1":2,"2":2,"3":2,"4":2,"5":2,"6":2,"7":2,"8":1,"9":2,"10":2,"11":2,"12":2,"13":1,"14":1,"15":1,"16":1},"b":{"1":[2,1,1,1],"2":[1,1,1,1],"3":[1,1],"4":[2,2],"5":[1,1]},"f":{"1":2,"2":2,"3":2},"fnMap":{"1":{"name":"(anonymous_1)","line":12,"loc":{"start":{"line":12,"column":1},"end":{"line":12,"column":13}}},"2":{"name":"(anonymous_2)","line":19,"loc":{"start":{"line":19,"column":5},"end":{"line":19,"column":17}}},"3":{"name":"(anonymous_3)","line":23,"loc":{"start":{"line":23,"column":24},"end":{"line":23,"column":36}}}},"statementMap":{"1":{"start":{"line":12,"column":0},"end":{"line":53,"column":5}},"2":{"start":{"line":14,"column":4},"end":{"line":14,"column":14}},"3":{"start":{"line":19,"column":4},"end":{"line":52,"column":9}},"4":{"start":{"line":21,"column":8},"end":{"line":21,"column":19}},"5":{"start":{"line":23,"column":8},"end":{"line":35,"column":13}},"6":{"start":{"line":24,"column":12},"end":{"line":34,"column":13}},"7":{"start":{"line":25,"column":16},"end":{"line":28,"column":30}},"8":{"start":{"line":30,"column":16},"end":{"line":33,"column":27}},"9":{"start":{"line":37,"column":8},"end":{"line":39,"column":21}},"10":{"start":{"line":41,"column":8},"end":{"line":41,"column":54}},"11":{"start":{"line":43,"column":8},"end":{"line":43,"column":49}},"12":{"start":{"line":45,"column":8},"end":{"line":51,"column":9}},"13":{"start":{"line":46,"column":12},"end":{"line":46,"column":55}},"14":{"start":{"line":48,"column":12},"end":{"line":48,"column":35}},"15":{"start":{"line":49,"column":12},"end":{"line":49,"column":49}},"16":{"start":{"line":50,"column":12},"end":{"line":50,"column":43}}},"branchMap":{"1":{"line":25,"type":"binary-expr","locations":[{"start":{"line":25,"column":23},"end":{"line":25,"column":62}},{"start":{"line":26,"column":20},"end":{"line":26,"column":70}},{"start":{"line":27,"column":20},"end":{"line":27,"column":71}},{"start":{"line":28,"column":20},"end":{"line":28,"column":29}}]},"2":{"line":30,"type":"binary-expr","locations":[{"start":{"line":30,"column":23},"end":{"line":30,"column":37}},{"start":{"line":31,"column":20},"end":{"line":31,"column":61}},{"start":{"line":32,"column":20},"end":{"line":32,"column":70}},{"start":{"line":33,"column":20},"end":{"line":33,"column":26}}]},"3":{"line":37,"type":"cond-expr","locations":[{"start":{"line":38,"column":14},"end":{"line":38,"column":20}},{"start":{"line":39,"column":14},"end":{"line":39,"column":20}}]},"4":{"line":41,"type":"binary-expr","locations":[{"start":{"line":41,"column":16},"end":{"line":41,"column":44}},{"start":{"line":41,"column":48},"end":{"line":41,"column":53}}]},"5":{"line":45,"type":"if","locations":[{"start":{"line":45,"column":8},"end":{"line":45,"column":8}},{"start":{"line":45,"column":8},"end":{"line":45,"column":8}}]}},"code":["/* istanbul instrument in package npmtest_nopt */","/*jslint","    bitwise: true,","    browser: true,","    maxerr: 8,","    maxlen: 96,","    node: true,","    nomen: true,","    regexp: true,","    stupid: true","*/","(function () {","    'use strict';","    var local;","","","","    // run shared js-env code - init-before","    (function () {","        // init local","        local = {};","        // init modeJs","        local.modeJs = (function () {","            try {","                return typeof navigator.userAgent === 'string' &&","                    typeof document.querySelector('body') === 'object' &&","                    typeof XMLHttpRequest.prototype.open === 'function' &&","                    'browser';","            } catch (errorCaughtBrowser) {","                return module.exports &&","                    typeof process.versions.node === 'string' &&","                    typeof require('http').createServer === 'function' &&","                    'node';","            }","        }());","        // init global","        local.global = local.modeJs === 'browser'","            ? window","            : global;","        // init utility2_rollup","        local = local.global.utility2_rollup || local;","        // init lib","        local.local = local.npmtest_nopt = local;","        // init exports","        if (local.modeJs === 'browser') {","            local.global.utility2_npmtest_nopt = local;","        } else {","            module.exports = local;","            module.exports.__dirname = __dirname;","            module.exports.module = module;","        }","    }());","}());",""],"l":{"12":2,"14":2,"19":2,"21":2,"23":2,"24":2,"25":2,"30":1,"37":2,"41":2,"43":2,"45":2,"46":1,"48":1,"49":1,"50":1}},"/home/travis/build/npmtest/node-npmtest-nopt/example.js":{"path":"/home/travis/build/npmtest/node-npmtest-nopt/example.js","s":{"1":2,"2":2,"3":2,"4":2,"5":2,"6":2,"7":2,"8":1,"9":2,"10":2,"11":2,"12":2,"13":1,"14":2,"15":2,"16":2,"17":2,"18":2,"19":0,"20":2,"21":1,"22":1,"23":1,"24":1,"25":1,"26":0,"27":0,"28":1,"29":1,"30":2,"31":0,"32":0,"33":0,"34":1,"35":2,"36":2,"37":3,"38":3,"39":3,"40":3,"41":0,"42":3,"43":3,"44":3,"45":1,"46":3,"47":1,"48":1,"49":1,"50":1,"51":1,"52":1,"53":1,"54":1,"55":1,"56":1,"57":0,"58":1,"59":6,"60":6,"61":1,"62":2,"63":0,"64":2,"65":1,"66":1,"67":0,"68":0,"69":0,"70":0,"71":0,"72":0,"73":0,"74":0,"75":0,"76":0,"77":0,"78":0,"79":0,"80":0,"81":0,"82":0,"83":0},"b":{"1":[2,1,1,1],"2":[1,1,1,1],"3":[1,1],"4":[2,2],"5":[1,1],"6":[1,1],"7":[2,0],"8":[2,1,1,1,1,1],"9":[0,2,0],"10":[1,1],"11":[2,1,1],"12":[1,0],"13":[0,2],"14":[2,0,0,0,0,0,0],"15":[0,3],"16":[3,0],"17":[1,1],"18":[0,1],"19":[1,2,0,2],"20":[1,0],"21":[1,1],"22":[0,0],"23":[0,0],"24":[0,0],"25":[0,0],"26":[0,0],"27":[0,0],"28":[0,0]},"f":{"1":2,"2":2,"3":2,"4":2,"5":2,"6":2,"7":3,"8":3,"9":3,"10":1,"11":6,"12":0},"fnMap":{"1":{"name":"(anonymous_1)","line":26,"loc":{"start":{"line":26,"column":1},"end":{"line":26,"column":13}}},"2":{"name":"(anonymous_2)","line":33,"loc":{"start":{"line":33,"column":5},"end":{"line":33,"column":17}}},"3":{"name":"(anonymous_3)","line":37,"loc":{"start":{"line":37,"column":24},"end":{"line":37,"column":36}}},"4":{"name":"(anonymous_4)","line":69,"loc":{"start":{"line":69,"column":31},"end":{"line":69,"column":48}},"skip":true},"5":{"name":"(anonymous_5)","line":78,"loc":{"start":{"line":78,"column":26},"end":{"line":78,"column":45}},"skip":true},"6":{"name":"(anonymous_6)","line":123,"loc":{"start":{"line":123,"column":33},"end":{"line":123,"column":48}},"skip":true},"7":{"name":"(anonymous_7)","line":125,"loc":{"start":{"line":125,"column":27},"end":{"line":125,"column":39}},"skip":true},"8":{"name":"(anonymous_8)","line":133,"loc":{"start":{"line":133,"column":59},"end":{"line":133,"column":74}},"skip":true},"9":{"name":"(anonymous_9)","line":143,"loc":{"start":{"line":143,"column":45},"end":{"line":143,"column":62}},"skip":true},"10":{"name":"(anonymous_10)","line":144,"loc":{"start":{"line":144,"column":73},"end":{"line":144,"column":92}},"skip":true},"11":{"name":"(anonymous_11)","line":272,"loc":{"start":{"line":272,"column":51},"end":{"line":272,"column":77}},"skip":true},"12":{"name":"(anonymous_12)","line":315,"loc":{"start":{"line":315,"column":32},"end":{"line":315,"column":61}},"skip":true}},"statementMap":{"1":{"start":{"line":26,"column":0},"end":{"line":326,"column":5}},"2":{"start":{"line":28,"column":4},"end":{"line":28,"column":14}},"3":{"start":{"line":33,"column":4},"end":{"line":60,"column":9}},"4":{"start":{"line":35,"column":8},"end":{"line":35,"column":19}},"5":{"start":{"line":37,"column":8},"end":{"line":49,"column":13}},"6":{"start":{"line":38,"column":12},"end":{"line":48,"column":13}},"7":{"start":{"line":39,"column":16},"end":{"line":42,"column":30}},"8":{"start":{"line":44,"column":16},"end":{"line":47,"column":27}},"9":{"start":{"line":51,"column":8},"end":{"line":53,"column":21}},"10":{"start":{"line":55,"column":8},"end":{"line":57,"column":45}},"11":{"start":{"line":59,"column":8},"end":{"line":59,"column":35}},"12":{"start":{"line":61,"column":4},"end":{"line":325,"column":5}},"13":{"start":{"line":69,"column":8},"end":{"line":121,"column":10},"skip":true},"14":{"start":{"line":70,"column":12},"end":{"line":88,"column":13},"skip":true},"15":{"start":{"line":76,"column":16},"end":{"line":87,"column":19},"skip":true},"16":{"start":{"line":79,"column":20},"end":{"line":86,"column":21},"skip":true},"17":{"start":{"line":82,"column":24},"end":{"line":82,"column":43},"skip":true},"18":{"start":{"line":83,"column":24},"end":{"line":83,"column":30},"skip":true},"19":{"start":{"line":85,"column":24},"end":{"line":85,"column":49},"skip":true},"20":{"start":{"line":89,"column":12},"end":{"line":107,"column":13},"skip":true},"21":{"start":{"line":92,"column":16},"end":{"line":102,"column":17},"skip":true},"22":{"start":{"line":93,"column":20},"end":{"line":93,"column":86},"skip":true},"23":{"start":{"line":94,"column":20},"end":{"line":95,"column":45},"skip":true},"24":{"start":{"line":96,"column":20},"end":{"line":96,"column":42},"skip":true},"25":{"start":{"line":97,"column":20},"end":{"line":97,"column":48},"skip":true},"26":{"start":{"line":100,"column":20},"end":{"line":100,"column":85},"skip":true},"27":{"start":{"line":101,"column":20},"end":{"line":101,"column":96},"skip":true},"28":{"start":{"line":103,"column":16},"end":{"line":103,"column":22},"skip":true},"29":{"start":{"line":106,"column":16},"end":{"line":106,"column":22},"skip":true},"30":{"start":{"line":108,"column":12},"end":{"line":120,"column":13},"skip":true},"31":{"start":{"line":114,"column":16},"end":{"line":119,"column":17},"skip":true},"32":{"start":{"line":116,"column":20},"end":{"line":116,"column":78},"skip":true},"33":{"start":{"line":118,"column":20},"end":{"line":118,"column":47},"skip":true},"34":{"start":{"line":123,"column":8},"end":{"line":141,"column":11},"skip":true},"35":{"start":{"line":124,"column":12},"end":{"line":124,"column":54},"skip":true},"36":{"start":{"line":125,"column":12},"end":{"line":140,"column":14},"skip":true},"37":{"start":{"line":126,"column":16},"end":{"line":126,"column":28},"skip":true},"38":{"start":{"line":127,"column":16},"end":{"line":127,"column":69},"skip":true},"39":{"start":{"line":128,"column":16},"end":{"line":128,"column":75},"skip":true},"40":{"start":{"line":129,"column":16},"end":{"line":131,"column":17},"skip":true},"41":{"start":{"line":130,"column":20},"end":{"line":130,"column":27},"skip":true},"42":{"start":{"line":133,"column":16},"end":{"line":137,"column":36},"skip":true},"43":{"start":{"line":134,"column":20},"end":{"line":136,"column":55},"skip":true},"44":{"start":{"line":139,"column":16},"end":{"line":139,"column":57},"skip":true},"45":{"start":{"line":143,"column":8},"end":{"line":147,"column":11},"skip":true},"46":{"start":{"line":144,"column":12},"end":{"line":146,"column":15},"skip":true},"47":{"start":{"line":145,"column":16},"end":{"line":145,"column":70},"skip":true},"48":{"start":{"line":149,"column":8},"end":{"line":149,"column":31},"skip":true},"49":{"start":{"line":150,"column":8},"end":{"line":150,"column":14},"skip":true},"50":{"start":{"line":158,"column":8},"end":{"line":158,"column":31},"skip":true},"51":{"start":{"line":160,"column":8},"end":{"line":160,"column":33},"skip":true},"52":{"start":{"line":161,"column":8},"end":{"line":161,"column":37},"skip":true},"53":{"start":{"line":162,"column":8},"end":{"line":162,"column":35},"skip":true},"54":{"start":{"line":164,"column":8},"end":{"line":164,"column":50},"skip":true},"55":{"start":{"line":166,"column":8},"end":{"line":256,"column":2},"skip":true},"56":{"start":{"line":258,"column":8},"end":{"line":286,"column":9},"skip":true},"57":{"start":{"line":259,"column":12},"end":{"line":269,"column":14},"skip":true},"58":{"start":{"line":271,"column":12},"end":{"line":285,"column":19},"skip":true},"59":{"start":{"line":274,"column":20},"end":{"line":274,"column":35},"skip":true},"60":{"start":{"line":275,"column":20},"end":{"line":284,"column":21},"skip":true},"61":{"start":{"line":277,"column":24},"end":{"line":277,"column":64},"skip":true},"62":{"start":{"line":279,"column":24},"end":{"line":279,"column":40},"skip":true},"63":{"start":{"line":281,"column":24},"end":{"line":281,"column":40},"skip":true},"64":{"start":{"line":283,"column":24},"end":{"line":283,"column":39},"skip":true},"65":{"start":{"line":288,"column":8},"end":{"line":290,"column":9},"skip":true},"66":{"start":{"line":289,"column":12},"end":{"line":289,"column":18},"skip":true},"67":{"start":{"line":291,"column":8},"end":{"line":293,"column":54},"skip":true},"68":{"start":{"line":296,"column":8},"end":{"line":301,"column":37},"skip":true},"69":{"start":{"line":303,"column":8},"end":{"line":303,"column":82},"skip":true},"70":{"start":{"line":306,"column":8},"end":{"line":308,"column":9},"skip":true},"71":{"start":{"line":307,"column":12},"end":{"line":307,"column":82},"skip":true},"72":{"start":{"line":310,"column":8},"end":{"line":312,"column":9},"skip":true},"73":{"start":{"line":311,"column":12},"end":{"line":311,"column":18},"skip":true},"74":{"start":{"line":313,"column":8},"end":{"line":313,"column":54},"skip":true},"75":{"start":{"line":314,"column":8},"end":{"line":314,"column":69},"skip":true},"76":{"start":{"line":315,"column":8},"end":{"line":323,"column":36},"skip":true},"77":{"start":{"line":316,"column":12},"end":{"line":316,"column":61},"skip":true},"78":{"start":{"line":317,"column":12},"end":{"line":320,"column":13},"skip":true},"79":{"start":{"line":318,"column":16},"end":{"line":318,"column":75},"skip":true},"80":{"start":{"line":319,"column":16},"end":{"line":319,"column":23},"skip":true},"81":{"start":{"line":321,"column":12},"end":{"line":321,"column":38},"skip":true},"82":{"start":{"line":322,"column":12},"end":{"line":322,"column":27},"skip":true},"83":{"start":{"line":324,"column":8},"end":{"line":324,"column":14},"skip":true}},"branchMap":{"1":{"line":39,"type":"binary-expr","locations":[{"start":{"line":39,"column":23},"end":{"line":39,"column":62}},{"start":{"line":40,"column":20},"end":{"line":40,"column":70}},{"start":{"line":41,"column":20},"end":{"line":41,"column":71}},{"start":{"line":42,"column":20},"end":{"line":42,"column":29}}]},"2":{"line":44,"type":"binary-expr","locations":[{"start":{"line":44,"column":23},"end":{"line":44,"column":37}},{"start":{"line":45,"column":20},"end":{"line":45,"column":61}},{"start":{"line":46,"column":20},"end":{"line":46,"column":70}},{"start":{"line":47,"column":20},"end":{"line":47,"column":26}}]},"3":{"line":51,"type":"cond-expr","locations":[{"start":{"line":52,"column":14},"end":{"line":52,"column":20}},{"start":{"line":53,"column":14},"end":{"line":53,"column":20}}]},"4":{"line":55,"type":"binary-expr","locations":[{"start":{"line":55,"column":16},"end":{"line":55,"column":44}},{"start":{"line":55,"column":49},"end":{"line":57,"column":43}}]},"5":{"line":55,"type":"cond-expr","locations":[{"start":{"line":56,"column":14},"end":{"line":56,"column":48}},{"start":{"line":57,"column":14},"end":{"line":57,"column":43}}]},"6":{"line":61,"type":"switch","locations":[{"start":{"line":68,"column":4},"end":{"line":150,"column":14},"skip":true},{"start":{"line":156,"column":4},"end":{"line":324,"column":14},"skip":true}]},"7":{"line":70,"type":"if","locations":[{"start":{"line":70,"column":12},"end":{"line":70,"column":12},"skip":true},{"start":{"line":70,"column":12},"end":{"line":70,"column":12},"skip":true}]},"8":{"line":70,"type":"binary-expr","locations":[{"start":{"line":70,"column":16},"end":{"line":70,"column":22},"skip":true},{"start":{"line":70,"column":27},"end":{"line":70,"column":32},"skip":true},{"start":{"line":71,"column":20},"end":{"line":71,"column":39},"skip":true},{"start":{"line":72,"column":20},"end":{"line":72,"column":49},"skip":true},{"start":{"line":73,"column":20},"end":{"line":73,"column":58},"skip":true},{"start":{"line":74,"column":20},"end":{"line":74,"column":69},"skip":true}]},"9":{"line":79,"type":"switch","locations":[{"start":{"line":80,"column":20},"end":{"line":80,"column":33},"skip":true},{"start":{"line":81,"column":20},"end":{"line":83,"column":30},"skip":true},{"start":{"line":84,"column":20},"end":{"line":85,"column":49},"skip":true}]},"10":{"line":89,"type":"switch","locations":[{"start":{"line":90,"column":12},"end":{"line":103,"column":22},"skip":true},{"start":{"line":105,"column":12},"end":{"line":106,"column":22},"skip":true}]},"11":{"line":89,"type":"binary-expr","locations":[{"start":{"line":89,"column":20},"end":{"line":89,"column":25},"skip":true},{"start":{"line":89,"column":29},"end":{"line":89,"column":48},"skip":true},{"start":{"line":89,"column":52},"end":{"line":89,"column":74},"skip":true}]},"12":{"line":92,"type":"if","locations":[{"start":{"line":92,"column":16},"end":{"line":92,"column":16},"skip":true},{"start":{"line":92,"column":16},"end":{"line":92,"column":16},"skip":true}]},"13":{"line":108,"type":"if","locations":[{"start":{"line":108,"column":12},"end":{"line":108,"column":12},"skip":true},{"start":{"line":108,"column":12},"end":{"line":108,"column":12},"skip":true}]},"14":{"line":108,"type":"binary-expr","locations":[{"start":{"line":108,"column":16},"end":{"line":108,"column":61},"skip":true},{"start":{"line":108,"column":66},"end":{"line":108,"column":72},"skip":true},{"start":{"line":108,"column":77},"end":{"line":108,"column":82},"skip":true},{"start":{"line":109,"column":20},"end":{"line":109,"column":39},"skip":true},{"start":{"line":110,"column":20},"end":{"line":110,"column":49},"skip":true},{"start":{"line":111,"column":20},"end":{"line":111,"column":58},"skip":true},{"start":{"line":112,"column":20},"end":{"line":112,"column":68},"skip":true}]},"15":{"line":129,"type":"if","locations":[{"start":{"line":129,"column":16},"end":{"line":129,"column":16},"skip":true},{"start":{"line":129,"column":16},"end":{"line":129,"column":16},"skip":true}]},"16":{"line":134,"type":"cond-expr","locations":[{"start":{"line":135,"column":26},"end":{"line":135,"column":29},"skip":true},{"start":{"line":136,"column":26},"end":{"line":136,"column":54},"skip":true}]},"17":{"line":164,"type":"binary-expr","locations":[{"start":{"line":164,"column":27},"end":{"line":164,"column":43},"skip":true},{"start":{"line":164,"column":47},"end":{"line":164,"column":49},"skip":true}]},"18":{"line":258,"type":"if","locations":[{"start":{"line":258,"column":8},"end":{"line":258,"column":8},"skip":true},{"start":{"line":258,"column":8},"end":{"line":258,"column":8},"skip":true}]},"19":{"line":275,"type":"switch","locations":[{"start":{"line":276,"column":20},"end":{"line":277,"column":64},"skip":true},{"start":{"line":278,"column":20},"end":{"line":279,"column":40},"skip":true},{"start":{"line":280,"column":20},"end":{"line":281,"column":40},"skip":true},{"start":{"line":282,"column":20},"end":{"line":283,"column":39},"skip":true}]},"20":{"line":288,"type":"if","locations":[{"start":{"line":288,"column":8},"end":{"line":288,"column":8},"skip":true},{"start":{"line":288,"column":8},"end":{"line":288,"column":8},"skip":true}]},"21":{"line":288,"type":"binary-expr","locations":[{"start":{"line":288,"column":12},"end":{"line":288,"column":40},"skip":true},{"start":{"line":288,"column":44},"end":{"line":288,"column":67},"skip":true}]},"22":{"line":292,"type":"binary-expr","locations":[{"start":{"line":292,"column":12},"end":{"line":292,"column":50},"skip":true},{"start":{"line":293,"column":12},"end":{"line":293,"column":53},"skip":true}]},"23":{"line":297,"type":"binary-expr","locations":[{"start":{"line":297,"column":12},"end":{"line":297,"column":62},"skip":true},{"start":{"line":298,"column":12},"end":{"line":301,"column":36},"skip":true}]},"24":{"line":303,"type":"binary-expr","locations":[{"start":{"line":303,"column":43},"end":{"line":303,"column":75},"skip":true},{"start":{"line":303,"column":79},"end":{"line":303,"column":81},"skip":true}]},"25":{"line":306,"type":"if","locations":[{"start":{"line":306,"column":8},"end":{"line":306,"column":8},"skip":true},{"start":{"line":306,"column":8},"end":{"line":306,"column":8},"skip":true}]},"26":{"line":310,"type":"if","locations":[{"start":{"line":310,"column":8},"end":{"line":310,"column":8},"skip":true},{"start":{"line":310,"column":8},"end":{"line":310,"column":8},"skip":true}]},"27":{"line":313,"type":"binary-expr","locations":[{"start":{"line":313,"column":27},"end":{"line":313,"column":43},"skip":true},{"start":{"line":313,"column":47},"end":{"line":313,"column":53},"skip":true}]},"28":{"line":317,"type":"if","locations":[{"start":{"line":317,"column":12},"end":{"line":317,"column":12},"skip":true},{"start":{"line":317,"column":12},"end":{"line":317,"column":12},"skip":true}]}},"code":["/*","example.js","","quickstart example","","instruction","    1. save this script as example.js","    2. run the shell command:","        $ npm install npmtest-nopt && PORT=8081 node example.js","    3. play with the browser-demo on http://127.0.0.1:8081","*/","","","","/* istanbul instrument in package npmtest_nopt */","/*jslint","    bitwise: true,","    browser: true,","    maxerr: 8,","    maxlen: 96,","    node: true,","    nomen: true,","    regexp: true,","    stupid: true","*/","(function () {","    'use strict';","    var local;","","","","    // run shared js-env code - init-before","    (function () {","        // init local","        local = {};","        // init modeJs","        local.modeJs = (function () {","            try {","                return typeof navigator.userAgent === 'string' &&","                    typeof document.querySelector('body') === 'object' &&","                    typeof XMLHttpRequest.prototype.open === 'function' &&","                    'browser';","            } catch (errorCaughtBrowser) {","                return module.exports &&","                    typeof process.versions.node === 'string' &&","                    typeof require('http').createServer === 'function' &&","                    'node';","            }","        }());","        // init global","        local.global = local.modeJs === 'browser'","            ? window","            : global;","        // init utility2_rollup","        local = local.global.utility2_rollup || (local.modeJs === 'browser'","            ? local.global.utility2_npmtest_nopt","            : global.utility2_moduleExports);","        // export local","        local.global.local = local;","    }());","    switch (local.modeJs) {","","","","    // init-after","    // run browser js-env code - init-after","    /* istanbul ignore next */","    case 'browser':","        local.testRunBrowser = function (event) {","            if (!event || (event &&","                    event.currentTarget &&","                    event.currentTarget.className &&","                    event.currentTarget.className.includes &&","                    event.currentTarget.className.includes('onreset'))) {","                // reset output","                Array.from(","                    document.querySelectorAll('body > .resettable')","                ).forEach(function (element) {","                    switch (element.tagName) {","                    case 'INPUT':","                    case 'TEXTAREA':","                        element.value = '';","                        break;","                    default:","                        element.textContent = '';","                    }","                });","            }","            switch (event && event.currentTarget && event.currentTarget.id) {","            case 'testRunButton1':","                // show tests","                if (document.querySelector('#testReportDiv1').style.display === 'none') {","                    document.querySelector('#testReportDiv1').style.display = 'block';","                    document.querySelector('#testRunButton1').textContent =","                        'hide internal test';","                    local.modeTest = true;","                    local.testRunDefault(local);","                // hide tests","                } else {","                    document.querySelector('#testReportDiv1').style.display = 'none';","                    document.querySelector('#testRunButton1').textContent = 'run internal test';","                }","                break;","            // custom-case","            default:","                break;","            }","            if (document.querySelector('#inputTextareaEval1') && (!event || (event &&","                    event.currentTarget &&","                    event.currentTarget.className &&","                    event.currentTarget.className.includes &&","                    event.currentTarget.className.includes('oneval')))) {","                // try to eval input-code","                try {","                    /*jslint evil: true*/","                    eval(document.querySelector('#inputTextareaEval1').value);","                } catch (errorCaught) {","                    console.error(errorCaught);","                }","            }","        };","        // log stderr and stdout to #outputTextareaStdout1","        ['error', 'log'].forEach(function (key) {","            console[key + '_original'] = console[key];","            console[key] = function () {","                var element;","                console[key + '_original'].apply(console, arguments);","                element = document.querySelector('#outputTextareaStdout1');","                if (!element) {","                    return;","                }","                // append text to #outputTextareaStdout1","                element.value += Array.from(arguments).map(function (arg) {","                    return typeof arg === 'string'","                        ? arg","                        : JSON.stringify(arg, null, 4);","                }).join(' ') + '\\n';","                // scroll textarea to bottom","                element.scrollTop = element.scrollHeight;","            };","        });","        // init event-handling","        ['change', 'click', 'keyup'].forEach(function (event) {","            Array.from(document.querySelectorAll('.on' + event)).forEach(function (element) {","                element.addEventListener(event, local.testRunBrowser);","            });","        });","        // run tests","        local.testRunBrowser();","        break;","","","","    // run node js-env code - init-after","    /* istanbul ignore next */","    case 'node':","        // export local","        module.exports = local;","        // require modules","        local.fs = require('fs');","        local.http = require('http');","        local.url = require('url');","        // init assets","        local.assetsDict = local.assetsDict || {};","        /* jslint-ignore-begin */","        local.assetsDict['/assets.index.template.html'] = '\\","<!doctype html>\\n\\","<html lang=\"en\">\\n\\","<head>\\n\\","<meta charset=\"UTF-8\">\\n\\","<meta name=\"viewport\" content=\"width=device-width, initial-scale=1\">\\n\\","<title>{{env.npm_package_name}} (v{{env.npm_package_version}})</title>\\n\\","<style>\\n\\","/*csslint\\n\\","    box-sizing: false,\\n\\","    universal-selector: false\\n\\","*/\\n\\","* {\\n\\","    box-sizing: border-box;\\n\\","}\\n\\","body {\\n\\","    background: #dde;\\n\\","    font-family: Arial, Helvetica, sans-serif;\\n\\","    margin: 2rem;\\n\\","}\\n\\","body > * {\\n\\","    margin-bottom: 1rem;\\n\\","}\\n\\",".utility2FooterDiv {\\n\\","    margin-top: 20px;\\n\\","    text-align: center;\\n\\","}\\n\\","</style>\\n\\","<style>\\n\\","/*csslint\\n\\","*/\\n\\","textarea {\\n\\","    font-family: monospace;\\n\\","    height: 10rem;\\n\\","    width: 100%;\\n\\","}\\n\\","textarea[readonly] {\\n\\","    background: #ddd;\\n\\","}\\n\\","</style>\\n\\","</head>\\n\\","<body>\\n\\","<!-- utility2-comment\\n\\","<div id=\"ajaxProgressDiv1\" style=\"background: #d00; height: 2px; left: 0; margin: 0; padding: 0; position: fixed; top: 0; transition: background 0.5s, width 1.5s; width: 25%;\"></div>\\n\\","utility2-comment -->\\n\\","<h1>\\n\\","<!-- utility2-comment\\n\\","    <a\\n\\","        {{#if env.npm_package_homepage}}\\n\\","        href=\"{{env.npm_package_homepage}}\"\\n\\","        {{/if env.npm_package_homepage}}\\n\\","        target=\"_blank\"\\n\\","    >\\n\\","utility2-comment -->\\n\\","        {{env.npm_package_name}} (v{{env.npm_package_version}})\\n\\","<!-- utility2-comment\\n\\","    </a>\\n\\","utility2-comment -->\\n\\","</h1>\\n\\","<h3>{{env.npm_package_description}}</h3>\\n\\","<!-- utility2-comment\\n\\","<h4><a download href=\"assets.app.js\">download standalone app</a></h4>\\n\\","<button class=\"onclick onreset\" id=\"testRunButton1\">run internal test</button><br>\\n\\","<div id=\"testReportDiv1\" style=\"display: none;\"></div>\\n\\","utility2-comment -->\\n\\","\\n\\","\\n\\","\\n\\","<label>stderr and stdout</label>\\n\\","<textarea class=\"resettable\" id=\"outputTextareaStdout1\" readonly></textarea>\\n\\","<!-- utility2-comment\\n\\","{{#if isRollup}}\\n\\","<script src=\"assets.app.js\"></script>\\n\\","{{#unless isRollup}}\\n\\","utility2-comment -->\\n\\","<script src=\"assets.utility2.rollup.js\"></script>\\n\\","<script src=\"jsonp.utility2._stateInit?callback=window.utility2._stateInit\"></script>\\n\\","<script src=\"assets.npmtest_nopt.rollup.js\"></script>\\n\\","<script src=\"assets.example.js\"></script>\\n\\","<script src=\"assets.test.js\"></script>\\n\\","<!-- utility2-comment\\n\\","{{/if isRollup}}\\n\\","utility2-comment -->\\n\\","<div class=\"utility2FooterDiv\">\\n\\","    [ this app was created with\\n\\","    <a href=\"https://github.com/kaizhu256/node-utility2\" target=\"_blank\">utility2</a>\\n\\","    ]\\n\\","</div>\\n\\","</body>\\n\\","</html>\\n\\","';","        /* jslint-ignore-end */","        if (local.templateRender) {","            local.assetsDict['/'] = local.templateRender(","                local.assetsDict['/assets.index.template.html'],","                {","                    env: local.objectSetDefault(local.env, {","                        npm_package_description: 'the greatest app in the world!',","                        npm_package_name: 'my-app',","                        npm_package_nameAlias: 'my_app',","                        npm_package_version: '0.0.1'","                    })","                }","            );","        } else {","            local.assetsDict['/'] = local.assetsDict['/assets.index.template.html']","                .replace((/\\{\\{env\\.(\\w+?)\\}\\}/g), function (match0, match1) {","                    // jslint-hack","                    String(match0);","                    switch (match1) {","                    case 'npm_package_description':","                        return 'the greatest app in the world!';","                    case 'npm_package_name':","                        return 'my-app';","                    case 'npm_package_nameAlias':","                        return 'my_app';","                    case 'npm_package_version':","                        return '0.0.1';","                    }","                });","        }","        // run the cli","        if (local.global.utility2_rollup || module !== require.main) {","            break;","        }","        local.assetsDict['/assets.example.js'] =","            local.assetsDict['/assets.example.js'] ||","            local.fs.readFileSync(__filename, 'utf8');","        // bug-workaround - long $npm_package_buildCustomOrg","        /* jslint-ignore-begin */","        local.assetsDict['/assets.npmtest_nopt.rollup.js'] =","            local.assetsDict['/assets.npmtest_nopt.rollup.js'] ||","            local.fs.readFileSync(","                local.npmtest_nopt.__dirname + '/lib.npmtest_nopt.js',","                'utf8'","            ).replace((/^#!/), '//');","        /* jslint-ignore-end */","        local.assetsDict['/favicon.ico'] = local.assetsDict['/favicon.ico'] || '';","        // if $npm_config_timeout_exit exists,","        // then exit this process after $npm_config_timeout_exit ms","        if (Number(process.env.npm_config_timeout_exit)) {","            setTimeout(process.exit, Number(process.env.npm_config_timeout_exit));","        }","        // start server","        if (local.global.utility2_serverHttp1) {","            break;","        }","        process.env.PORT = process.env.PORT || '8081';","        console.error('server starting on port ' + process.env.PORT);","        local.http.createServer(function (request, response) {","            request.urlParsed = local.url.parse(request.url);","            if (local.assetsDict[request.urlParsed.pathname] !== undefined) {","                response.end(local.assetsDict[request.urlParsed.pathname]);","                return;","            }","            response.statusCode = 404;","            response.end();","        }).listen(process.env.PORT);","        break;","    }","}());",""],"l":{"26":2,"28":2,"33":2,"35":2,"37":2,"38":2,"39":2,"44":1,"51":2,"55":2,"59":2,"61":2,"69":1,"70":2,"76":2,"79":2,"82":2,"83":2,"85":1,"89":2,"92":1,"93":1,"94":1,"96":1,"97":1,"100":1,"101":1,"103":1,"106":1,"108":2,"114":1,"116":1,"118":1,"123":1,"124":2,"125":2,"126":3,"127":3,"128":3,"129":3,"130":1,"133":3,"134":3,"139":3,"143":1,"144":3,"145":1,"149":1,"150":1,"158":1,"160":1,"161":1,"162":1,"164":1,"166":1,"258":1,"259":1,"271":1,"274":6,"275":6,"277":1,"279":2,"281":1,"283":2,"288":1,"289":1,"291":1,"296":1,"303":1,"306":1,"307":1,"310":1,"311":1,"313":1,"314":1,"315":1,"316":1,"317":1,"318":1,"319":1,"321":1,"322":1,"324":1}},"/home/travis/build/npmtest/node-npmtest-nopt/node_modules/nopt/lib/nopt.js":{"path":"/home/travis/build/npmtest/node-npmtest-nopt/node_modules/nopt/lib/nopt.js","s":{"1":1,"2":0,"3":1,"4":1,"5":1,"6":1,"7":1,"8":1,"9":1,"10":1,"11":1,"12":0,"13":1,"14":1,"15":1,"16":1,"17":1,"18":1,"19":1,"20":0,"21":1,"22":1,"23":1,"24":1,"25":1,"26":0,"27":0,"28":0,"29":0,"30":0,"31":0,"32":0,"33":0,"34":0,"35":0,"36":0,"37":0,"38":0,"39":0,"40":0,"41":0,"42":0,"43":0,"44":0,"45":0,"46":0,"47":0,"48":0,"49":0,"50":0,"51":0,"52":0,"53":0,"54":0,"55":0,"56":0,"57":0,"58":0,"59":0,"60":0,"61":0,"62":0,"63":0,"64":0,"65":0,"66":0,"67":0,"68":0,"69":0,"70":0,"71":0,"72":0,"73":0,"74":0,"75":1,"76":0,"77":1,"78":0,"79":0,"80":0,"81":0,"82":0,"83":0,"84":0,"85":0,"86":0,"87":0,"88":1,"89":0,"90":0,"91":0,"92":0,"93":1,"94":0,"95":0,"96":0,"97":0,"98":0,"99":1,"100":0,"101":0,"102":0,"103":0,"104":0,"105":0,"106":0,"107":0,"108":0,"109":0,"110":1,"111":0,"112":0,"113":0,"114":0,"115":1,"116":0,"117":0,"118":0,"119":1,"120":0,"121":0,"122":0,"123":0,"124":0,"125":0,"126":0,"127":0,"128":0,"129":0,"130":0,"131":0,"132":0,"133":0,"134":0,"135":0,"136":0,"137":0,"138":0,"139":0,"140":0,"141":0,"142":0,"143":0,"144":0,"145":0,"146":0,"147":0,"148":0,"149":0,"150":0,"151":0,"152":0,"153":1,"154":1,"155":1,"156":1,"157":0,"158":0,"159":0,"160":0,"161":0,"162":0,"163":0,"164":0,"165":0,"166":0,"167":0,"168":0,"169":0,"170":0,"171":0,"172":0,"173":0,"174":0,"175":0,"176":0,"177":0,"178":0,"179":0,"180":0,"181":0,"182":0,"183":0,"184":0,"185":0,"186":0,"187":0,"188":0,"189":0,"190":0,"191":0,"192":0,"193":0,"194":0,"195":0,"196":0,"197":0,"198":0,"199":0,"200":0,"201":0,"202":0,"203":0,"204":0,"205":0,"206":0,"207":0,"208":0,"209":0,"210":0,"211":0,"212":0,"213":0,"214":0,"215":0,"216":0,"217":0,"218":0,"219":0,"220":0,"221":0,"222":0,"223":0,"224":0,"225":0,"226":0,"227":0,"228":0,"229":0,"230":0,"231":0,"232":0,"233":0,"234":0,"235":0,"236":0,"237":0,"238":0,"239":1,"240":0,"241":0,"242":0,"243":0,"244":0,"245":0,"246":0,"247":0,"248":0,"249":0,"250":0,"251":0,"252":0,"253":0,"254":0,"255":0,"256":0,"257":0,"258":0,"259":0,"260":0,"261":0,"262":0,"263":0,"264":0,"265":0,"266":0,"267":0},"b":{"1":[0,1],"2":[1,1],"3":[1,0],"4":[1,0],"5":[1,0],"6":[0,1],"7":[1,0],"8":[0,0],"9":[0,0],"10":[0,0],"11":[0,0],"12":[0,0],"13":[0,0],"14":[0,0],"15":[0,0,0,0,0,0,0,0],"16":[0,0],"17":[0,0],"18":[0,0],"19":[0,0],"20":[0,0],"21":[0,0],"22":[0,0,0],"23":[0,0],"24":[0,0],"25":[0,0],"26":[0,0],"27":[0,0],"28":[0,0],"29":[0,0],"30":[0,0],"31":[0,0],"32":[0,0],"33":[0,0],"34":[0,0],"35":[0,0],"36":[0,0],"37":[0,0],"38":[0,0],"39":[0,0],"40":[0,0],"41":[0,0],"42":[0,0],"43":[0,0],"44":[0,0],"45":[0,0],"46":[0,0],"47":[0,0],"48":[0,0],"49":[0,0],"50":[0,0],"51":[0,0],"52":[0,0,0,0],"53":[0,0],"54":[0,0],"55":[0,0],"56":[0,0],"57":[0,0],"58":[0,0],"59":[0,0],"60":[0,0],"61":[0,0],"62":[0,0],"63":[0,0],"64":[0,0,0],"65":[0,0],"66":[0,0],"67":[0,0],"68":[0,0,0,0,0,0,0,0,0,0],"69":[0,0],"70":[0,0],"71":[0,0],"72":[0,0],"73":[0,0],"74":[0,0],"75":[0,0],"76":[0,0],"77":[0,0],"78":[0,0],"79":[0,0,0],"80":[0,0],"81":[0,0],"82":[0,0],"83":[0,0],"84":[0,0],"85":[0,0],"86":[0,0],"87":[0,0],"88":[0,0],"89":[0,0],"90":[0,0],"91":[0,0],"92":[0,0],"93":[0,0],"94":[0,0],"95":[0,0],"96":[0,0],"97":[0,0],"98":[0,0],"99":[0,0],"100":[0,0],"101":[0,0],"102":[0,0]},"f":{"1":0,"2":2,"3":1,"4":0,"5":1,"6":0,"7":0,"8":0,"9":0,"10":0,"11":0,"12":0,"13":0,"14":0,"15":0,"16":0,"17":1,"18":0,"19":0,"20":0,"21":0,"22":0,"23":0},"fnMap":{"1":{"name":"(anonymous_1)","line":4,"loc":{"start":{"line":4,"column":4},"end":{"line":4,"column":16}}},"2":{"name":"(anonymous_2)","line":5,"loc":{"start":{"line":5,"column":4},"end":{"line":5,"column":16}}},"3":{"name":"nopt","line":26,"loc":{"start":{"line":26,"column":0},"end":{"line":26,"column":47}}},"4":{"name":"(anonymous_4)","line":47,"loc":{"start":{"line":47,"column":56},"end":{"line":47,"column":68}}},"5":{"name":"clean","line":53,"loc":{"start":{"line":53,"column":0},"end":{"line":53,"column":39}}},"6":{"name":"(anonymous_6)","line":58,"loc":{"start":{"line":58,"column":28},"end":{"line":58,"column":41}}},"7":{"name":"(anonymous_7)","line":70,"loc":{"start":{"line":70,"column":18},"end":{"line":70,"column":33}}},"8":{"name":"(anonymous_8)","line":114,"loc":{"start":{"line":114,"column":14},"end":{"line":114,"column":29}}},"9":{"name":"validateString","line":126,"loc":{"start":{"line":126,"column":0},"end":{"line":126,"column":39}}},"10":{"name":"validatePath","line":130,"loc":{"start":{"line":130,"column":0},"end":{"line":130,"column":37}}},"11":{"name":"validateNumber","line":148,"loc":{"start":{"line":148,"column":0},"end":{"line":148,"column":39}}},"12":{"name":"validateDate","line":154,"loc":{"start":{"line":154,"column":0},"end":{"line":154,"column":37}}},"13":{"name":"validateBoolean","line":161,"loc":{"start":{"line":161,"column":0},"end":{"line":161,"column":40}}},"14":{"name":"validateUrl","line":171,"loc":{"start":{"line":171,"column":0},"end":{"line":171,"column":36}}},"15":{"name":"validateStream","line":177,"loc":{"start":{"line":177,"column":0},"end":{"line":177,"column":39}}},"16":{"name":"validate","line":182,"loc":{"start":{"line":182,"column":0},"end":{"line":182,"column":49}}},"17":{"name":"parse","line":237,"loc":{"start":{"line":237,"column":0},"end":{"line":237,"column":55}}},"18":{"name":"resolveShort","line":379,"loc":{"start":{"line":379,"column":0},"end":{"line":379,"column":60}}},"19":{"name":"(anonymous_19)","line":402,"loc":{"start":{"line":402,"column":45},"end":{"line":402,"column":58}}},"20":{"name":"(anonymous_20)","line":404,"loc":{"start":{"line":404,"column":14},"end":{"line":404,"column":29}}},"21":{"name":"(anonymous_21)","line":412,"loc":{"start":{"line":412,"column":34},"end":{"line":412,"column":47}}},"22":{"name":"(anonymous_22)","line":416,"loc":{"start":{"line":416,"column":45},"end":{"line":416,"column":58}}},"23":{"name":"(anonymous_23)","line":418,"loc":{"start":{"line":418,"column":12},"end":{"line":418,"column":28}}}},"statementMap":{"1":{"start":{"line":3,"column":0},"end":{"line":5,"column":18}},"2":{"start":{"line":4,"column":18},"end":{"line":4,"column":58}},"3":{"start":{"line":7,"column":0},"end":{"line":11,"column":28}},"4":{"start":{"line":13,"column":0},"end":{"line":13,"column":31}},"5":{"start":{"line":14,"column":0},"end":{"line":14,"column":21}},"6":{"start":{"line":16,"column":0},"end":{"line":24,"column":3}},"7":{"start":{"line":26,"column":0},"end":{"line":51,"column":1}},"8":{"start":{"line":27,"column":2},"end":{"line":27,"column":29}},"9":{"start":{"line":28,"column":2},"end":{"line":28,"column":21}},"10":{"start":{"line":29,"column":2},"end":{"line":29,"column":31}},"11":{"start":{"line":30,"column":2},"end":{"line":30,"column":42}},"12":{"start":{"line":30,"column":33},"end":{"line":30,"column":42}},"13":{"start":{"line":32,"column":2},"end":{"line":32,"column":39}},"14":{"start":{"line":34,"column":2},"end":{"line":34,"column":26}},"15":{"start":{"line":35,"column":2},"end":{"line":41,"column":7}},"16":{"start":{"line":43,"column":2},"end":{"line":43,"column":51}},"17":{"start":{"line":45,"column":2},"end":{"line":45,"column":38}},"18":{"start":{"line":46,"column":2},"end":{"line":46,"column":18}},"19":{"start":{"line":47,"column":2},"end":{"line":49,"column":25}},"20":{"start":{"line":48,"column":4},"end":{"line":48,"column":54}},"21":{"start":{"line":50,"column":2},"end":{"line":50,"column":13}},"22":{"start":{"line":53,"column":0},"end":{"line":124,"column":1}},"23":{"start":{"line":54,"column":2},"end":{"line":54,"column":41}},"24":{"start":{"line":55,"column":2},"end":{"line":56,"column":54}},"25":{"start":{"line":58,"column":2},"end":{"line":123,"column":4}},"26":{"start":{"line":59,"column":4},"end":{"line":59,"column":28}},"27":{"start":{"line":59,"column":22},"end":{"line":59,"column":28}},"28":{"start":{"line":60,"column":4},"end":{"line":62,"column":23}},"29":{"start":{"line":63,"column":4},"end":{"line":63,"column":29}},"30":{"start":{"line":63,"column":18},"end":{"line":63,"column":29}},"31":{"start":{"line":64,"column":4},"end":{"line":64,"column":33}},"32":{"start":{"line":64,"column":15},"end":{"line":64,"column":33}},"33":{"start":{"line":65,"column":4},"end":{"line":65,"column":56}},"34":{"start":{"line":65,"column":24},"end":{"line":65,"column":56}},"35":{"start":{"line":66,"column":4},"end":{"line":66,"column":43}},"36":{"start":{"line":66,"column":30},"end":{"line":66,"column":43}},"37":{"start":{"line":68,"column":4},"end":{"line":68,"column":24}},"38":{"start":{"line":69,"column":4},"end":{"line":69,"column":25}},"39":{"start":{"line":70,"column":4},"end":{"line":114,"column":55}},"40":{"start":{"line":72,"column":6},"end":{"line":89,"column":7}},"41":{"start":{"line":73,"column":8},"end":{"line":73,"column":31}},"42":{"start":{"line":74,"column":8},"end":{"line":74,"column":24}},"43":{"start":{"line":75,"column":8},"end":{"line":88,"column":9}},"44":{"start":{"line":80,"column":10},"end":{"line":80,"column":31}},"45":{"start":{"line":81,"column":10},"end":{"line":81,"column":35}},"46":{"start":{"line":82,"column":15},"end":{"line":88,"column":9}},"47":{"start":{"line":83,"column":10},"end":{"line":83,"column":41}},"48":{"start":{"line":84,"column":10},"end":{"line":84,"column":20}},"49":{"start":{"line":85,"column":15},"end":{"line":88,"column":9}},"50":{"start":{"line":86,"column":10},"end":{"line":86,"column":39}},"51":{"start":{"line":87,"column":10},"end":{"line":87,"column":29}},"52":{"start":{"line":91,"column":6},"end":{"line":93,"column":7}},"53":{"start":{"line":92,"column":8},"end":{"line":92,"column":18}},"54":{"start":{"line":96,"column":6},"end":{"line":99,"column":7}},"55":{"start":{"line":98,"column":8},"end":{"line":98,"column":18}},"56":{"start":{"line":101,"column":6},"end":{"line":101,"column":16}},"57":{"start":{"line":102,"column":6},"end":{"line":102,"column":16}},"58":{"start":{"line":103,"column":6},"end":{"line":103,"column":49}},"59":{"start":{"line":104,"column":6},"end":{"line":111,"column":7}},"60":{"start":{"line":105,"column":8},"end":{"line":109,"column":9}},"61":{"start":{"line":106,"column":10},"end":{"line":106,"column":56}},"62":{"start":{"line":107,"column":15},"end":{"line":109,"column":9}},"63":{"start":{"line":108,"column":10},"end":{"line":108,"column":48}},"64":{"start":{"line":110,"column":8},"end":{"line":110,"column":21}},"65":{"start":{"line":112,"column":6},"end":{"line":112,"column":46}},"66":{"start":{"line":113,"column":6},"end":{"line":113,"column":17}},"67":{"start":{"line":114,"column":31},"end":{"line":114,"column":53}},"68":{"start":{"line":116,"column":4},"end":{"line":120,"column":27}},"69":{"start":{"line":116,"column":21},"end":{"line":116,"column":35}},"70":{"start":{"line":117,"column":9},"end":{"line":120,"column":27}},"71":{"start":{"line":118,"column":6},"end":{"line":118,"column":34}},"72":{"start":{"line":119,"column":6},"end":{"line":119,"column":19}},"73":{"start":{"line":120,"column":11},"end":{"line":120,"column":27}},"74":{"start":{"line":122,"column":4},"end":{"line":122,"column":41}},"75":{"start":{"line":126,"column":0},"end":{"line":128,"column":1}},"76":{"start":{"line":127,"column":2},"end":{"line":127,"column":23}},"77":{"start":{"line":130,"column":0},"end":{"line":146,"column":1}},"78":{"start":{"line":131,"column":2},"end":{"line":131,"column":32}},"79":{"start":{"line":131,"column":20},"end":{"line":131,"column":32}},"80":{"start":{"line":132,"column":2},"end":{"line":132,"column":31}},"81":{"start":{"line":132,"column":20},"end":{"line":132,"column":31}},"82":{"start":{"line":134,"column":2},"end":{"line":134,"column":19}},"83":{"start":{"line":136,"column":2},"end":{"line":138,"column":32}},"84":{"start":{"line":140,"column":2},"end":{"line":144,"column":3}},"85":{"start":{"line":141,"column":4},"end":{"line":141,"column":47}},"86":{"start":{"line":143,"column":4},"end":{"line":143,"column":31}},"87":{"start":{"line":145,"column":2},"end":{"line":145,"column":13}},"88":{"start":{"line":148,"column":0},"end":{"line":152,"column":1}},"89":{"start":{"line":149,"column":2},"end":{"line":149,"column":55}},"90":{"start":{"line":150,"column":2},"end":{"line":150,"column":30}},"91":{"start":{"line":150,"column":18},"end":{"line":150,"column":30}},"92":{"start":{"line":151,"column":2},"end":{"line":151,"column":16}},"93":{"start":{"line":154,"column":0},"end":{"line":159,"column":1}},"94":{"start":{"line":155,"column":2},"end":{"line":155,"column":25}},"95":{"start":{"line":156,"column":2},"end":{"line":156,"column":44}},"96":{"start":{"line":157,"column":2},"end":{"line":157,"column":28}},"97":{"start":{"line":157,"column":16},"end":{"line":157,"column":28}},"98":{"start":{"line":158,"column":2},"end":{"line":158,"column":25}},"99":{"start":{"line":161,"column":0},"end":{"line":169,"column":1}},"100":{"start":{"line":162,"column":2},"end":{"line":167,"column":20}},"101":{"start":{"line":162,"column":30},"end":{"line":162,"column":49}},"102":{"start":{"line":163,"column":7},"end":{"line":167,"column":20}},"103":{"start":{"line":164,"column":4},"end":{"line":166,"column":19}},"104":{"start":{"line":164,"column":21},"end":{"line":164,"column":35}},"105":{"start":{"line":165,"column":9},"end":{"line":166,"column":19}},"106":{"start":{"line":165,"column":48},"end":{"line":165,"column":59}},"107":{"start":{"line":166,"column":9},"end":{"line":166,"column":19}},"108":{"start":{"line":167,"column":9},"end":{"line":167,"column":20}},"109":{"start":{"line":168,"column":2},"end":{"line":168,"column":15}},"110":{"start":{"line":171,"column":0},"end":{"line":175,"column":1}},"111":{"start":{"line":172,"column":2},"end":{"line":172,"column":30}},"112":{"start":{"line":173,"column":2},"end":{"line":173,"column":29}},"113":{"start":{"line":173,"column":17},"end":{"line":173,"column":29}},"114":{"start":{"line":174,"column":2},"end":{"line":174,"column":20}},"115":{"start":{"line":177,"column":0},"end":{"line":180,"column":1}},"116":{"start":{"line":178,"column":2},"end":{"line":178,"column":44}},"117":{"start":{"line":178,"column":32},"end":{"line":178,"column":44}},"118":{"start":{"line":179,"column":2},"end":{"line":179,"column":15}},"119":{"start":{"line":182,"column":0},"end":{"line":235,"column":1}},"120":{"start":{"line":184,"column":2},"end":{"line":191,"column":3}},"121":{"start":{"line":185,"column":4},"end":{"line":188,"column":5}},"122":{"start":{"line":186,"column":6},"end":{"line":186,"column":37}},"123":{"start":{"line":186,"column":29},"end":{"line":186,"column":37}},"124":{"start":{"line":187,"column":6},"end":{"line":187,"column":64}},"125":{"start":{"line":187,"column":53},"end":{"line":187,"column":64}},"126":{"start":{"line":189,"column":4},"end":{"line":189,"column":18}},"127":{"start":{"line":190,"column":4},"end":{"line":190,"column":16}},"128":{"start":{"line":194,"column":2},"end":{"line":194,"column":33}},"129":{"start":{"line":194,"column":22},"end":{"line":194,"column":33}},"130":{"start":{"line":197,"column":2},"end":{"line":201,"column":3}},"131":{"start":{"line":198,"column":4},"end":{"line":198,"column":37}},"132":{"start":{"line":199,"column":4},"end":{"line":199,"column":18}},"133":{"start":{"line":200,"column":4},"end":{"line":200,"column":16}},"134":{"start":{"line":204,"column":2},"end":{"line":210,"column":3}},"135":{"start":{"line":205,"column":4},"end":{"line":205,"column":39}},"136":{"start":{"line":208,"column":4},"end":{"line":208,"column":17}},"137":{"start":{"line":209,"column":4},"end":{"line":209,"column":15}},"138":{"start":{"line":213,"column":2},"end":{"line":214,"column":35}},"139":{"start":{"line":215,"column":2},"end":{"line":230,"column":3}},"140":{"start":{"line":216,"column":4},"end":{"line":216,"column":49}},"141":{"start":{"line":217,"column":4},"end":{"line":217,"column":30}},"142":{"start":{"line":218,"column":4},"end":{"line":229,"column":5}},"143":{"start":{"line":220,"column":6},"end":{"line":220,"column":16}},"144":{"start":{"line":221,"column":6},"end":{"line":221,"column":42}},"145":{"start":{"line":222,"column":6},"end":{"line":222,"column":16}},"146":{"start":{"line":223,"column":6},"end":{"line":228,"column":7}},"147":{"start":{"line":226,"column":8},"end":{"line":226,"column":21}},"148":{"start":{"line":227,"column":8},"end":{"line":227,"column":13}},"149":{"start":{"line":231,"column":2},"end":{"line":231,"column":50}},"150":{"start":{"line":233,"column":2},"end":{"line":233,"column":25}},"151":{"start":{"line":233,"column":11},"end":{"line":233,"column":25}},"152":{"start":{"line":234,"column":2},"end":{"line":234,"column":11}},"153":{"start":{"line":237,"column":0},"end":{"line":377,"column":1}},"154":{"start":{"line":238,"column":2},"end":{"line":238,"column":36}},"155":{"start":{"line":240,"column":2},"end":{"line":242,"column":49}},"156":{"start":{"line":244,"column":2},"end":{"line":376,"column":3}},"157":{"start":{"line":245,"column":4},"end":{"line":245,"column":21}},"158":{"start":{"line":246,"column":4},"end":{"line":246,"column":21}},"159":{"start":{"line":248,"column":4},"end":{"line":254,"column":5}},"160":{"start":{"line":251,"column":6},"end":{"line":251,"column":50}},"161":{"start":{"line":252,"column":6},"end":{"line":252,"column":20}},"162":{"start":{"line":253,"column":6},"end":{"line":253,"column":11}},"163":{"start":{"line":255,"column":4},"end":{"line":255,"column":21}},"164":{"start":{"line":256,"column":4},"end":{"line":374,"column":5}},"165":{"start":{"line":257,"column":6},"end":{"line":257,"column":31}},"166":{"start":{"line":258,"column":6},"end":{"line":263,"column":7}},"167":{"start":{"line":259,"column":8},"end":{"line":259,"column":20}},"168":{"start":{"line":260,"column":8},"end":{"line":260,"column":34}},"169":{"start":{"line":261,"column":8},"end":{"line":261,"column":31}},"170":{"start":{"line":262,"column":8},"end":{"line":262,"column":33}},"171":{"start":{"line":267,"column":6},"end":{"line":267,"column":67}},"172":{"start":{"line":268,"column":6},"end":{"line":268,"column":42}},"173":{"start":{"line":269,"column":6},"end":{"line":276,"column":7}},"174":{"start":{"line":270,"column":8},"end":{"line":270,"column":25}},"175":{"start":{"line":271,"column":8},"end":{"line":271,"column":53}},"176":{"start":{"line":272,"column":8},"end":{"line":275,"column":9}},"177":{"start":{"line":273,"column":10},"end":{"line":273,"column":14}},"178":{"start":{"line":274,"column":10},"end":{"line":274,"column":18}},"179":{"start":{"line":277,"column":6},"end":{"line":277,"column":34}},"180":{"start":{"line":278,"column":6},"end":{"line":278,"column":19}},"181":{"start":{"line":279,"column":6},"end":{"line":282,"column":7}},"182":{"start":{"line":280,"column":8},"end":{"line":280,"column":16}},"183":{"start":{"line":281,"column":8},"end":{"line":281,"column":27}},"184":{"start":{"line":284,"column":6},"end":{"line":284,"column":42}},"185":{"start":{"line":284,"column":24},"end":{"line":284,"column":42}},"186":{"start":{"line":286,"column":6},"end":{"line":286,"column":30}},"187":{"start":{"line":287,"column":6},"end":{"line":287,"column":46}},"188":{"start":{"line":288,"column":6},"end":{"line":291,"column":7}},"189":{"start":{"line":289,"column":8},"end":{"line":289,"column":27}},"190":{"start":{"line":290,"column":8},"end":{"line":290,"column":28}},"191":{"start":{"line":293,"column":6},"end":{"line":294,"column":52}},"192":{"start":{"line":297,"column":6},"end":{"line":301,"column":7}},"193":{"start":{"line":298,"column":8},"end":{"line":299,"column":33}},"194":{"start":{"line":299,"column":10},"end":{"line":299,"column":33}},"195":{"start":{"line":300,"column":8},"end":{"line":300,"column":22}},"196":{"start":{"line":303,"column":6},"end":{"line":304,"column":26}},"197":{"start":{"line":306,"column":6},"end":{"line":312,"column":49}},"198":{"start":{"line":314,"column":6},"end":{"line":352,"column":7}},"199":{"start":{"line":316,"column":8},"end":{"line":316,"column":17}},"200":{"start":{"line":318,"column":8},"end":{"line":323,"column":9}},"201":{"start":{"line":319,"column":10},"end":{"line":319,"column":30}},"202":{"start":{"line":320,"column":10},"end":{"line":320,"column":19}},"203":{"start":{"line":321,"column":10},"end":{"line":321,"column":28}},"204":{"start":{"line":321,"column":18},"end":{"line":321,"column":28}},"205":{"start":{"line":322,"column":10},"end":{"line":322,"column":14}},"206":{"start":{"line":326,"column":8},"end":{"line":346,"column":9}},"207":{"start":{"line":327,"column":10},"end":{"line":345,"column":11}},"208":{"start":{"line":329,"column":12},"end":{"line":329,"column":20}},"209":{"start":{"line":330,"column":12},"end":{"line":330,"column":16}},"210":{"start":{"line":331,"column":17},"end":{"line":345,"column":11}},"211":{"start":{"line":333,"column":12},"end":{"line":333,"column":22}},"212":{"start":{"line":334,"column":12},"end":{"line":334,"column":16}},"213":{"start":{"line":335,"column":17},"end":{"line":345,"column":11}},"214":{"start":{"line":339,"column":12},"end":{"line":339,"column":21}},"215":{"start":{"line":340,"column":12},"end":{"line":340,"column":16}},"216":{"start":{"line":341,"column":17},"end":{"line":345,"column":11}},"217":{"start":{"line":343,"column":12},"end":{"line":343,"column":20}},"218":{"start":{"line":344,"column":12},"end":{"line":344,"column":16}},"219":{"start":{"line":348,"column":8},"end":{"line":349,"column":28}},"220":{"start":{"line":348,"column":21},"end":{"line":348,"column":60}},"221":{"start":{"line":349,"column":13},"end":{"line":349,"column":28}},"222":{"start":{"line":351,"column":8},"end":{"line":351,"column":16}},"223":{"start":{"line":354,"column":6},"end":{"line":361,"column":7}},"224":{"start":{"line":355,"column":8},"end":{"line":360,"column":9}},"225":{"start":{"line":356,"column":10},"end":{"line":356,"column":17}},"226":{"start":{"line":357,"column":15},"end":{"line":360,"column":9}},"227":{"start":{"line":358,"column":10},"end":{"line":358,"column":17}},"228":{"start":{"line":359,"column":10},"end":{"line":359,"column":14}},"229":{"start":{"line":363,"column":6},"end":{"line":366,"column":7}},"230":{"start":{"line":364,"column":8},"end":{"line":364,"column":22}},"231":{"start":{"line":365,"column":8},"end":{"line":365,"column":12}},"232":{"start":{"line":368,"column":6},"end":{"line":368,"column":40}},"233":{"start":{"line":369,"column":6},"end":{"line":370,"column":26}},"234":{"start":{"line":369,"column":19},"end":{"line":369,"column":58}},"235":{"start":{"line":370,"column":11},"end":{"line":370,"column":26}},"236":{"start":{"line":372,"column":6},"end":{"line":372,"column":10}},"237":{"start":{"line":373,"column":6},"end":{"line":373,"column":14}},"238":{"start":{"line":375,"column":4},"end":{"line":375,"column":20}},"239":{"start":{"line":379,"column":0},"end":{"line":436,"column":1}},"240":{"start":{"line":384,"column":2},"end":{"line":384,"column":30}},"241":{"start":{"line":387,"column":2},"end":{"line":388,"column":15}},"242":{"start":{"line":388,"column":4},"end":{"line":388,"column":15}},"243":{"start":{"line":391,"column":2},"end":{"line":397,"column":3}},"244":{"start":{"line":393,"column":4},"end":{"line":394,"column":52}},"245":{"start":{"line":394,"column":6},"end":{"line":394,"column":52}},"246":{"start":{"line":396,"column":4},"end":{"line":396,"column":26}},"247":{"start":{"line":400,"column":2},"end":{"line":400,"column":37}},"248":{"start":{"line":401,"column":2},"end":{"line":410,"column":3}},"249":{"start":{"line":402,"column":4},"end":{"line":407,"column":10}},"250":{"start":{"line":403,"column":6},"end":{"line":403,"column":27}},"251":{"start":{"line":405,"column":6},"end":{"line":405,"column":17}},"252":{"start":{"line":406,"column":6},"end":{"line":406,"column":14}},"253":{"start":{"line":408,"column":4},"end":{"line":408,"column":35}},"254":{"start":{"line":409,"column":4},"end":{"line":409,"column":39}},"255":{"start":{"line":412,"column":2},"end":{"line":414,"column":4}},"256":{"start":{"line":413,"column":4},"end":{"line":413,"column":21}},"257":{"start":{"line":416,"column":2},"end":{"line":420,"column":8}},"258":{"start":{"line":416,"column":29},"end":{"line":420,"column":8}},"259":{"start":{"line":417,"column":4},"end":{"line":417,"column":24}},"260":{"start":{"line":419,"column":4},"end":{"line":419,"column":22}},"261":{"start":{"line":424,"column":2},"end":{"line":425,"column":15}},"262":{"start":{"line":425,"column":4},"end":{"line":425,"column":15}},"263":{"start":{"line":428,"column":2},"end":{"line":429,"column":24}},"264":{"start":{"line":429,"column":4},"end":{"line":429,"column":24}},"265":{"start":{"line":432,"column":2},"end":{"line":433,"column":50}},"266":{"start":{"line":433,"column":4},"end":{"line":433,"column":50}},"267":{"start":{"line":435,"column":2},"end":{"line":435,"column":24}}},"branchMap":{"1":{"line":3,"type":"cond-expr","locations":[{"start":{"line":4,"column":4},"end":{"line":4,"column":59}},{"start":{"line":5,"column":4},"end":{"line":5,"column":18}}]},"2":{"line":3,"type":"binary-expr","locations":[{"start":{"line":3,"column":12},"end":{"line":3,"column":34}},{"start":{"line":3,"column":38},"end":{"line":3,"column":60}}]},"3":{"line":27,"type":"binary-expr","locations":[{"start":{"line":27,"column":9},"end":{"line":27,"column":13}},{"start":{"line":27,"column":17},"end":{"line":27,"column":29}}]},"4":{"line":28,"type":"binary-expr","locations":[{"start":{"line":28,"column":10},"end":{"line":28,"column":15}},{"start":{"line":28,"column":19},"end":{"line":28,"column":21}}]},"5":{"line":29,"type":"binary-expr","locations":[{"start":{"line":29,"column":15},"end":{"line":29,"column":25}},{"start":{"line":29,"column":29},"end":{"line":29,"column":31}}]},"6":{"line":30,"type":"if","locations":[{"start":{"line":30,"column":2},"end":{"line":30,"column":2}},{"start":{"line":30,"column":2},"end":{"line":30,"column":2}}]},"7":{"line":54,"type":"binary-expr","locations":[{"start":{"line":54,"column":13},"end":{"line":54,"column":21}},{"start":{"line":54,"column":25},"end":{"line":54,"column":41}}]},"8":{"line":59,"type":"if","locations":[{"start":{"line":59,"column":4},"end":{"line":59,"column":4}},{"start":{"line":59,"column":4},"end":{"line":59,"column":4}}]},"9":{"line":63,"type":"if","locations":[{"start":{"line":63,"column":4},"end":{"line":63,"column":4}},{"start":{"line":63,"column":4},"end":{"line":63,"column":4}}]},"10":{"line":64,"type":"if","locations":[{"start":{"line":64,"column":4},"end":{"line":64,"column":4}},{"start":{"line":64,"column":4},"end":{"line":64,"column":4}}]},"11":{"line":65,"type":"if","locations":[{"start":{"line":65,"column":4},"end":{"line":65,"column":4}},{"start":{"line":65,"column":4},"end":{"line":65,"column":4}}]},"12":{"line":66,"type":"if","locations":[{"start":{"line":66,"column":4},"end":{"line":66,"column":4}},{"start":{"line":66,"column":4},"end":{"line":66,"column":4}}]},"13":{"line":72,"type":"if","locations":[{"start":{"line":72,"column":6},"end":{"line":72,"column":6}},{"start":{"line":72,"column":6},"end":{"line":72,"column":6}}]},"14":{"line":75,"type":"if","locations":[{"start":{"line":75,"column":8},"end":{"line":75,"column":8}},{"start":{"line":75,"column":8},"end":{"line":75,"column":8}}]},"15":{"line":75,"type":"binary-expr","locations":[{"start":{"line":75,"column":13},"end":{"line":75,"column":27}},{"start":{"line":75,"column":31},"end":{"line":75,"column":50}},{"start":{"line":76,"column":16},"end":{"line":76,"column":30}},{"start":{"line":77,"column":16},"end":{"line":77,"column":35}},{"start":{"line":77,"column":39},"end":{"line":77,"column":61}},{"start":{"line":78,"column":16},"end":{"line":78,"column":31}},{"start":{"line":79,"column":16},"end":{"line":79,"column":36}},{"start":{"line":79,"column":40},"end":{"line":79,"column":62}}]},"16":{"line":82,"type":"if","locations":[{"start":{"line":82,"column":15},"end":{"line":82,"column":15}},{"start":{"line":82,"column":15},"end":{"line":82,"column":15}}]},"17":{"line":82,"type":"binary-expr","locations":[{"start":{"line":82,"column":19},"end":{"line":82,"column":40}},{"start":{"line":82,"column":44},"end":{"line":82,"column":55}}]},"18":{"line":85,"type":"if","locations":[{"start":{"line":85,"column":15},"end":{"line":85,"column":15}},{"start":{"line":85,"column":15},"end":{"line":85,"column":15}}]},"19":{"line":85,"type":"binary-expr","locations":[{"start":{"line":85,"column":19},"end":{"line":85,"column":38}},{"start":{"line":85,"column":42},"end":{"line":85,"column":65}}]},"20":{"line":91,"type":"if","locations":[{"start":{"line":91,"column":6},"end":{"line":91,"column":6}},{"start":{"line":91,"column":6},"end":{"line":91,"column":6}}]},"21":{"line":96,"type":"if","locations":[{"start":{"line":96,"column":6},"end":{"line":96,"column":6}},{"start":{"line":96,"column":6},"end":{"line":96,"column":6}}]},"22":{"line":96,"type":"binary-expr","locations":[{"start":{"line":96,"column":10},"end":{"line":96,"column":23}},{"start":{"line":96,"column":27},"end":{"line":96,"column":46}},{"start":{"line":97,"column":10},"end":{"line":97,"column":59}}]},"23":{"line":97,"type":"binary-expr","locations":[{"start":{"line":97,"column":12},"end":{"line":97,"column":32}},{"start":{"line":97,"column":36},"end":{"line":97,"column":58}}]},"24":{"line":104,"type":"if","locations":[{"start":{"line":104,"column":6},"end":{"line":104,"column":6}},{"start":{"line":104,"column":6},"end":{"line":104,"column":6}}]},"25":{"line":105,"type":"if","locations":[{"start":{"line":105,"column":8},"end":{"line":105,"column":8}},{"start":{"line":105,"column":8},"end":{"line":105,"column":8}}]},"26":{"line":107,"type":"if","locations":[{"start":{"line":107,"column":15},"end":{"line":107,"column":15}},{"start":{"line":107,"column":15},"end":{"line":107,"column":15}}]},"27":{"line":116,"type":"if","locations":[{"start":{"line":116,"column":4},"end":{"line":116,"column":4}},{"start":{"line":116,"column":4},"end":{"line":116,"column":4}}]},"28":{"line":117,"type":"if","locations":[{"start":{"line":117,"column":9},"end":{"line":117,"column":9}},{"start":{"
[...]
tions":[{"start":{"line":424,"column":2},"end":{"line":424,"column":2}},{"start":{"line":424,"column":2},"end":{"line":424,"column":2}}]},"99":{"line":424,"type":"binary-expr","locations":[{"start":{"line":424,"column":6},"end":{"line":424,"column":18}},{"start":{"line":424,"column":22},"end":{"line":424,"column":38}}]},"100":{"line":428,"type":"if","locations":[{"start":{"line":428,"column":2},"end":{"line":428,"column":2}},{"start":{"line":428,"column":2},"end":{"line":428,"column":2}}]},"101":{"line":432,"type":"if","locations":[{"start":{"line":432,"column":2},"end":{"line":432,"column":2}},{"start":{"line":432,"column":2},"end":{"line":432,"column":2}}]},"102":{"line":432,"type":"binary-expr","locations":[{"start":{"line":432,"column":6},"end":{"line":432,"column":21}},{"start":{"line":432,"column":25},"end":{"line":432,"column":56}}]}},"code":["// info about each config option.","","var debug = process.env.DEBUG_NOPT || process.env.NOPT_DEBUG","  ? function () { console.error.apply(console, arguments) }","  : function () {}","","var url = require(\"url\")","  , path = require(\"path\")","  , Stream = require(\"stream\").Stream","  , abbrev = require(\"abbrev\")","  , osenv = require(\"osenv\")","","module.exports = exports = nopt","exports.clean = clean","","exports.typeDefs =","  { String  : { type: String,  validate: validateString  }","  , Boolean : { type: Boolean, validate: validateBoolean }","  , url     : { type: url,     validate: validateUrl     }","  , Number  : { type: Number,  validate: validateNumber  }","  , path    : { type: path,    validate: validatePath    }","  , Stream  : { type: Stream,  validate: validateStream  }","  , Date    : { type: Date,    validate: validateDate    }","  }","","function nopt (types, shorthands, args, slice) {","  args = args || process.argv","  types = types || {}","  shorthands = shorthands || {}","  if (typeof slice !== \"number\") slice = 2","","  debug(types, shorthands, args, slice)","","  args = args.slice(slice)","  var data = {}","    , key","    , argv = {","        remain: [],","        cooked: args,","        original: args.slice(0)","      }","","  parse(args, data, argv.remain, types, shorthands)","  // now data is full","  clean(data, types, exports.typeDefs)","  data.argv = argv","  Object.defineProperty(data.argv, 'toString', { value: function () {","    return this.original.map(JSON.stringify).join(\" \")","  }, enumerable: false })","  return data","}","","function clean (data, types, typeDefs) {","  typeDefs = typeDefs || exports.typeDefs","  var remove = {}","    , typeDefault = [false, true, null, String, Array]","","  Object.keys(data).forEach(function (k) {","    if (k === \"argv\") return","    var val = data[k]","      , isArray = Array.isArray(val)","      , type = types[k]","    if (!isArray) val = [val]","    if (!type) type = typeDefault","    if (type === Array) type = typeDefault.concat(Array)","    if (!Array.isArray(type)) type = [type]","","    debug(\"val=%j\", val)","    debug(\"types=\", type)","    val = val.map(function (val) {","      // if it's an unknown value, then parse false/true/null/numbers/dates","      if (typeof val === \"string\") {","        debug(\"string %j\", val)","        val = val.trim()","        if ((val === \"null\" && ~type.indexOf(null))","            || (val === \"true\" &&","               (~type.indexOf(true) || ~type.indexOf(Boolean)))","            || (val === \"false\" &&","               (~type.indexOf(false) || ~type.indexOf(Boolean)))) {","          val = JSON.parse(val)","          debug(\"jsonable %j\", val)","        } else if (~type.indexOf(Number) && !isNaN(val)) {","          debug(\"convert to number\", val)","          val = +val","        } else if (~type.indexOf(Date) && !isNaN(Date.parse(val))) {","          debug(\"convert to date\", val)","          val = new Date(val)","        }","      }","","      if (!types.hasOwnProperty(k)) {","        return val","      }","","      // allow `--no-blah` to set 'blah' to null if null is allowed","      if (val === false && ~type.indexOf(null) &&","          !(~type.indexOf(false) || ~type.indexOf(Boolean))) {","        val = null","      }","","      var d = {}","      d[k] = val","      debug(\"prevalidated val\", d, val, types[k])","      if (!validate(d, k, val, types[k], typeDefs)) {","        if (exports.invalidHandler) {","          exports.invalidHandler(k, val, types[k], data)","        } else if (exports.invalidHandler !== false) {","          debug(\"invalid: \"+k+\"=\"+val, types[k])","        }","        return remove","      }","      debug(\"validated val\", d, val, types[k])","      return d[k]","    }).filter(function (val) { return val !== remove })","","    if (!val.length) delete data[k]","    else if (isArray) {","      debug(isArray, data[k], val)","      data[k] = val","    } else data[k] = val[0]","","    debug(\"k=%s val=%j\", k, val, data[k])","  })","}","","function validateString (data, k, val) {","  data[k] = String(val)","}","","function validatePath (data, k, val) {","  if (val === true) return false","  if (val === null) return true","","  val = String(val)","","  var isWin       = process.platform === 'win32'","    , homePattern = isWin ? /^~(\\/|\\\\)/ : /^~\\//","    , home        = osenv.home()","","  if (home && val.match(homePattern)) {","    data[k] = path.resolve(home, val.substr(2))","  } else {","    data[k] = path.resolve(val)","  }","  return true","}","","function validateNumber (data, k, val) {","  debug(\"validate Number %j %j %j\", k, val, isNaN(val))","  if (isNaN(val)) return false","  data[k] = +val","}","","function validateDate (data, k, val) {","  var s = Date.parse(val)","  debug(\"validate Date %j %j %j\", k, val, s)","  if (isNaN(s)) return false","  data[k] = new Date(val)","}","","function validateBoolean (data, k, val) {","  if (val instanceof Boolean) val = val.valueOf()","  else if (typeof val === \"string\") {","    if (!isNaN(val)) val = !!(+val)","    else if (val === \"null\" || val === \"false\") val = false","    else val = true","  } else val = !!val","  data[k] = val","}","","function validateUrl (data, k, val) {","  val = url.parse(String(val))","  if (!val.host) return false","  data[k] = val.href","}","","function validateStream (data, k, val) {","  if (!(val instanceof Stream)) return false","  data[k] = val","}","","function validate (data, k, val, type, typeDefs) {","  // arrays are lists of types.","  if (Array.isArray(type)) {","    for (var i = 0, l = type.length; i < l; i ++) {","      if (type[i] === Array) continue","      if (validate(data, k, val, type[i], typeDefs)) return true","    }","    delete data[k]","    return false","  }","","  // an array of anything?","  if (type === Array) return true","","  // NaN is poisonous.  Means that something is not allowed.","  if (type !== type) {","    debug(\"Poison NaN\", k, val, type)","    delete data[k]","    return false","  }","","  // explicit list of values","  if (val === type) {","    debug(\"Explicitly allowed %j\", val)","    // if (isArray) (data[k] = data[k] || []).push(val)","    // else data[k] = val","    data[k] = val","    return true","  }","","  // now go through the list of typeDefs, validate against each one.","  var ok = false","    , types = Object.keys(typeDefs)","  for (var i = 0, l = types.length; i < l; i ++) {","    debug(\"test type %j %j %j\", k, val, types[i])","    var t = typeDefs[types[i]]","    if (t &&","      ((type && type.name && t.type && t.type.name) ? (type.name === t.type.name) : (type === t.type))) {","      var d = {}","      ok = false !== t.validate(d, k, val)","      val = d[k]","      if (ok) {","        // if (isArray) (data[k] = data[k] || []).push(val)","        // else data[k] = val","        data[k] = val","        break","      }","    }","  }","  debug(\"OK? %j (%j %j %j)\", ok, k, val, types[i])","","  if (!ok) delete data[k]","  return ok","}","","function parse (args, data, remain, types, shorthands) {","  debug(\"parse\", args, data, remain)","","  var key = null","    , abbrevs = abbrev(Object.keys(types))","    , shortAbbr = abbrev(Object.keys(shorthands))","","  for (var i = 0; i < args.length; i ++) {","    var arg = args[i]","    debug(\"arg\", arg)","","    if (arg.match(/^-{2,}$/)) {","      // done with keys.","      // the rest are args.","      remain.push.apply(remain, args.slice(i + 1))","      args[i] = \"--\"","      break","    }","    var hadEq = false","    if (arg.charAt(0) === \"-\" && arg.length > 1) {","      var at = arg.indexOf('=')","      if (at > -1) {","        hadEq = true","        var v = arg.substr(at + 1)","        arg = arg.substr(0, at)","        args.splice(i, 1, arg, v)","      }","","      // see if it's a shorthand","      // if so, splice and back up to re-parse it.","      var shRes = resolveShort(arg, shorthands, shortAbbr, abbrevs)","      debug(\"arg=%j shRes=%j\", arg, shRes)","      if (shRes) {","        debug(arg, shRes)","        args.splice.apply(args, [i, 1].concat(shRes))","        if (arg !== shRes[0]) {","          i --","          continue","        }","      }","      arg = arg.replace(/^-+/, \"\")","      var no = null","      while (arg.toLowerCase().indexOf(\"no-\") === 0) {","        no = !no","        arg = arg.substr(3)","      }","","      if (abbrevs[arg]) arg = abbrevs[arg]","","      var argType = types[arg]","      var isTypeArray = Array.isArray(argType)","      if (isTypeArray && argType.length === 1) {","        isTypeArray = false","        argType = argType[0]","      }","","      var isArray = argType === Array ||","        isTypeArray && argType.indexOf(Array) !== -1","","      // allow unknown things to be arrays if specified multiple times.","      if (!types.hasOwnProperty(arg) && data.hasOwnProperty(arg)) {","        if (!Array.isArray(data[arg]))","          data[arg] = [data[arg]]","        isArray = true","      }","","      var val","        , la = args[i + 1]","","      var isBool = typeof no === 'boolean' ||","        argType === Boolean ||","        isTypeArray && argType.indexOf(Boolean) !== -1 ||","        (typeof argType === 'undefined' && !hadEq) ||","        (la === \"false\" &&","         (argType === null ||","          isTypeArray && ~argType.indexOf(null)))","","      if (isBool) {","        // just set and move along","        val = !no","        // however, also support --bool true or --bool false","        if (la === \"true\" || la === \"false\") {","          val = JSON.parse(la)","          la = null","          if (no) val = !val","          i ++","        }","","        // also support \"foo\":[Boolean, \"bar\"] and \"--foo bar\"","        if (isTypeArray && la) {","          if (~argType.indexOf(la)) {","            // an explicit type","            val = la","            i ++","          } else if ( la === \"null\" && ~argType.indexOf(null) ) {","            // null allowed","            val = null","            i ++","          } else if ( !la.match(/^-{2,}[^-]/) &&","                      !isNaN(la) &&","                      ~argType.indexOf(Number) ) {","            // number","            val = +la","            i ++","          } else if ( !la.match(/^-[^-]/) && ~argType.indexOf(String) ) {","            // string","            val = la","            i ++","          }","        }","","        if (isArray) (data[arg] = data[arg] || []).push(val)","        else data[arg] = val","","        continue","      }","","      if (argType === String) {","        if (la === undefined) {","          la = \"\"","        } else if (la.match(/^-{1,2}[^-]+/)) {","          la = \"\"","          i --","        }","      }","","      if (la && la.match(/^-{2,}$/)) {","        la = undefined","        i --","      }","","      val = la === undefined ? true : la","      if (isArray) (data[arg] = data[arg] || []).push(val)","      else data[arg] = val","","      i ++","      continue","    }","    remain.push(arg)","  }","}","","function resolveShort (arg, shorthands, shortAbbr, abbrevs) {","  // handle single-char shorthands glommed together, like","  // npm ls -glp, but only if there is one dash, and only if","  // all of the chars are single-char shorthands, and it's","  // not a match to some other abbrev.","  arg = arg.replace(/^-+/, '')","","  // if it's an exact known option, then don't go any further","  if (abbrevs[arg] === arg)","    return null","","  // if it's an exact known shortopt, same deal","  if (shorthands[arg]) {","    // make it an array, if it's a list of words","    if (shorthands[arg] && !Array.isArray(shorthands[arg]))","      shorthands[arg] = shorthands[arg].split(/\\s+/)","","    return shorthands[arg]","  }","","  // first check to see if this arg is a set of single-char shorthands","  var singles = shorthands.___singles","  if (!singles) {","    singles = Object.keys(shorthands).filter(function (s) {","      return s.length === 1","    }).reduce(function (l,r) {","      l[r] = true","      return l","    }, {})","    shorthands.___singles = singles","    debug('shorthand singles', singles)","  }","","  var chrs = arg.split(\"\").filter(function (c) {","    return singles[c]","  })","","  if (chrs.join(\"\") === arg) return chrs.map(function (c) {","    return shorthands[c]","  }).reduce(function (l, r) {","    return l.concat(r)","  }, [])","","","  // if it's an arg abbrev, and not a literal shorthand, then prefer the arg","  if (abbrevs[arg] && !shorthands[arg])","    return null","","  // if it's an abbr for a shorthand, then use that","  if (shortAbbr[arg])","    arg = shortAbbr[arg]","","  // make it an array, if it's a list of words","  if (shorthands[arg] && !Array.isArray(shorthands[arg]))","    shorthands[arg] = shorthands[arg].split(/\\s+/)","","  return shorthands[arg]","}",""],"l":{"3":1,"4":0,"7":1,"13":1,"14":1,"16":1,"26":1,"27":1,"28":1,"29":1,"30":1,"32":1,"34":1,"35":1,"43":1,"45":1,"46":1,"47":1,"48":0,"50":1,"53":1,"54":1,"55":1,"58":1,"59":0,"60":0,"63":0,"64":0,"65":0,"66":0,"68":0,"69":0,"70":0,"72":0,"73":0,"74":0,"75":0,"80":0,"81":0,"82":0,"83":0,"84":0,"85":0,"86":0,"87":0,"91":0,"92":0,"96":0,"98":0,"101":0,"102":0,"103":0,"104":0,"105":0,"106":0,"107":0,"108":0,"110":0,"112":0,"113":0,"114":0,"116":0,"117":0,"118":0,"119":0,"120":0,"122":0,"126":1,"127":0,"130":1,"131":0,"132":0,"134":0,"136":0,"140":0,"141":0,"143":0,"145":0,"148":1,"149":0,"150":0,"151":0,"154":1,"155":0,"156":0,"157":0,"158":0,"161":1,"162":0,"163":0,"164":0,"165":0,"166":0,"167":0,"168":0,"171":1,"172":0,"173":0,"174":0,"177":1,"178":0,"179":0,"182":1,"184":0,"185":0,"186":0,"187":0,"189":0,"190":0,"194":0,"197":0,"198":0,"199":0,"200":0,"204":0,"205":0,"208":0,"209":0,"213":0,"215":0,"216":0,"217":0,"218":0,"220":0,"221":0,"222":0,"223":0,"226":0,"227":0,"231":0,"233":0,"234":0,"237":1,"238":1,"240":1,"244":1,"245":0,"246":0,"248":0,"251":0,"252":0,"253":0,"255":0,"256":0,"257":0,"258":0,"259":0,"260":0,"261":0,"262":0,"267":0,"268":0,"269":0,"270":0,"271":0,"272":0,"273":0,"274":0,"277":0,"278":0,"279":0,"280":0,"281":0,"284":0,"286":0,"287":0,"288":0,"289":0,"290":0,"293":0,"297":0,"298":0,"299":0,"300":0,"303":0,"306":0,"314":0,"316":0,"318":0,"319":0,"320":0,"321":0,"322":0,"326":0,"327":0,"329":0,"330":0,"331":0,"333":0,"334":0,"335":0,"339":0,"340":0,"341":0,"343":0,"344":0,"348":0,"349":0,"351":0,"354":0,"355":0,"356":0,"357":0,"358":0,"359":0,"363":0,"364":0,"365":0,"368":0,"369":0,"370":0,"372":0,"373":0,"375":0,"379":1,"384":0,"387":0,"388":0,"391":0,"393":0,"394":0,"396":0,"400":0,"401":0,"402":0,"403":0,"405":0,"406":0,"408":0,"409":0,"412":0,"413":0,"416":0,"417":0,"419":0,"424":0,"425":0,"428":0,"429":0,"432":0,"433":0,"435":0}},"/home/travis/build/npmtest/node-npmtest-nopt/node_modules/nopt/bin/nopt.js":{"path":"/home/travis/build/npmtest/node-npmtest-nopt/node_modules/nopt/bin/nopt.js","s":{"1":1,"2":1,"3":1,"4":0,"5":0,"6":0,"7":0,"8":0,"9":0,"10":0,"11":0,"12":0,"13":0,"14":0,"15":0,"16":0,"17":0,"18":0},"b":{"1":[0,1],"2":[0,0],"3":[0,0]},"f":{"1":0,"2":0,"3":0},"fnMap":{"1":{"name":"M","line":41,"loc":{"start":{"line":41,"column":37},"end":{"line":41,"column":52}}},"2":{"name":"(anonymous_2)","line":44,"loc":{"start":{"line":44,"column":26},"end":{"line":44,"column":42}}},"3":{"name":"(anonymous_3)","line":47,"loc":{"start":{"line":47,"column":12},"end":{"line":47,"column":28}}}},"statementMap":{"1":{"start":{"line":2,"column":0},"end":{"line":32,"column":22}},"2":{"start":{"line":34,"column":0},"end":{"line":34,"column":29}},"3":{"start":{"line":36,"column":0},"end":{"line":54,"column":1}},"4":{"start":{"line":37,"column":2},"end":{"line":37,"column":17}},"5":{"start":{"line":38,"column":2},"end":{"line":38,"column":32}},"6":{"start":{"line":39,"column":2},"end":{"line":39,"column":17}},"7":{"start":{"line":40,"column":2},"end":{"line":40,"column":22}},"8":{"start":{"line":41,"column":2},"end":{"line":50,"column":9}},"9":{"start":{"line":42,"column":4},"end":{"line":42,"column":23}},"10":{"start":{"line":43,"column":4},"end":{"line":45,"column":5}},"11":{"start":{"line":44,"column":6},"end":{"line":44,"column":64}},"12":{"start":{"line":44,"column":44},"end":{"line":44,"column":61}},"13":{"start":{"line":46,"column":4},"end":{"line":46,"column":33}},"14":{"start":{"line":48,"column":4},"end":{"line":48,"column":18}},"15":{"start":{"line":49,"column":4},"end":{"line":49,"column":12}},"16":{"start":{"line":51,"column":2},"end":{"line":51,"column":17}},"17":{"start":{"line":52,"column":2},"end":{"line":52,"column":27}},"18":{"start":{"line":53,"column":2},"end":{"line":53,"column":25}}},"branchMap":{"1":{"line":36,"type":"if","locations":[{"start":{"line":36,"column":0},"end":{"line":36,"column":0}},{"start":{"line":36,"column":0},"end":{"line":36,"column":0}}]},"2":{"line":43,"type":"if","locations":[{"start":{"line":43,"column":4},"end":{"line":43,"column":4}},{"start":{"line":43,"column":4},"end":{"line":43,"column":4}}]},"3":{"line":46,"type":"binary-expr","locations":[{"start":{"line":46,"column":15},"end":{"line":46,"column":19}},{"start":{"line":46,"column":23},"end":{"line":46,"column":32}}]}},"code":["//#!/usr/bin/env node","var nopt = require(\"../lib/nopt\")","  , path = require(\"path\")","  , types = { num: Number","            , bool: Boolean","            , help: Boolean","            , list: Array","            , \"num-list\": [Number, Array]","            , \"str-list\": [String, Array]","            , \"bool-list\": [Boolean, Array]","            , str: String","            , clear: Boolean","            , config: Boolean","            , length: Number","            , file: path","            }","  , shorthands = { s: [ \"--str\", \"astring\" ]","                 , b: [ \"--bool\" ]","                 , nb: [ \"--no-bool\" ]","                 , tft: [ \"--bool-list\", \"--no-bool-list\", \"--bool-list\", \"true\" ]","                 , \"?\": [\"--help\"]","                 , h: [\"--help\"]","                 , H: [\"--help\"]","                 , n: [ \"--num\", \"125\" ]","                 , c: [\"--config\"]","                 , l: [\"--length\"]","                 , f: [\"--file\"]","                 }","  , parsed = nopt( types","                 , shorthands","                 , process.argv","                 , 2 )","","console.log(\"parsed\", parsed)","","if (parsed.help) {","  console.log(\"\")","  console.log(\"nopt cli tester\")","  console.log(\"\")","  console.log(\"types\")","  console.log(Object.keys(types).map(function M (t) {","    var type = types[t]","    if (Array.isArray(type)) {","      return [t, type.map(function (type) { return type.name })]","    }","    return [t, type && type.name]","  }).reduce(function (s, i) {","    s[i[0]] = i[1]","    return s","  }, {}))","  console.log(\"\")","  console.log(\"shorthands\")","  console.log(shorthands)","}",""],"l":{"2":1,"34":1,"36":1,"37":0,"38":0,"39":0,"40":0,"41":0,"42":0,"43":0,"44":0,"46":0,"48":0,"49":0,"51":0,"52":0,"53":0}}}